<?xml version="1.0" encoding="UTF-8"?><testsuite failures="1" name="cucumber.runtime.formatter.JUnitFormatter" skipped="0" tests="1" time="202.964117">
<testcase classname="Update project support" name="Update project support" time="202.964117">
<failure message="com.kms.katalon.core.exception.StepFailedException: Unable to click on object 'Object Repository/OOBObjects/SupportPageObjects/EditSupportIcon'&#13;&#10;&#9;at com.kms.katalon.core.webui.keyword.internal.WebUIKeywordMain.stepFailed(WebUIKeywordMain.groovy:64)&#13;&#10;&#9;at com.kms.katalon.core.webui.keyword.internal.WebUIKeywordMain.runKeyword(WebUIKeywordMain.groovy:26)&#13;&#10;&#9;at com.kms.katalon.core.webui.keyword.builtin.ClickKeyword.click(ClickKeyword.groovy:86)&#13;&#10;&#9;at com.kms.katalon.core.webui.keyword.builtin.ClickKeyword.execute(ClickKeyword.groovy:67)&#13;&#10;&#9;at com.kms.katalon.core.keyword.internal.KeywordExecutor.executeKeywordForPlatform(KeywordExecutor.groovy:56)&#13;&#10;&#9;at com.kms.katalon.core.webui.keyword.WebUiBuiltInKeywords.click(WebUiBuiltInKeywords.groovy:616)&#13;&#10;&#9;at com.kms.katalon.core.webui.keyword.WebUiBuiltInKeywords$click$4.call(Unknown Source)&#13;&#10;&#9;at com.pmo.steps.AddProjectSteps.updateSupport(AddProjectSteps.groovy:573)&#13;&#10;&#9;at ✽.I want to update support(C:/Users/HP/git/PMO-Web-Application/Include/features/Governance-Module/Add-Project/038-Update-Project-Support.feature:37)&#13;&#10;Caused by: com.kms.katalon.core.webui.exception.WebElementNotFoundException: Web element with id: 'Object Repository/OOBObjects/SupportPageObjects/EditSupportIcon' located by 'By.xpath: //table[@id='supportsTable']/tbody/tr/td[8]/a/i' not found&#13;&#10;&#9;at com.kms.katalon.core.webui.common.WebUiCommonHelper.findWebElement(WebUiCommonHelper.java:1053)&#13;&#10;&#9;at com.kms.katalon.core.webui.keyword.internal.WebUIAbstractKeyword.findWebElement(WebUIAbstractKeyword.groovy:27)&#13;&#10;&#9;at com.kms.katalon.core.webui.keyword.internal.WebUIAbstractKeyword.findWebElement(WebUIAbstractKeyword.groovy:26)&#13;&#10;&#9;at com.kms.katalon.core.webui.keyword.builtin.ClickKeyword$_click_closure1.doCall(ClickKeyword.groovy:77)&#13;&#10;&#9;at com.kms.katalon.core.webui.keyword.builtin.ClickKeyword$_click_closure1.call(ClickKeyword.groovy)&#13;&#10;&#9;at com.kms.katalon.core.webui.keyword.internal.WebUIKeywordMain.runKeyword(WebUIKeywordMain.groovy:20)&#13;&#10;&#9;at com.kms.katalon.core.webui.keyword.builtin.ClickKeyword.click(ClickKeyword.groovy:86)&#13;&#10;&#9;at com.kms.katalon.core.webui.keyword.builtin.ClickKeyword.execute(ClickKeyword.groovy:67)&#13;&#10;&#9;at com.kms.katalon.core.keyword.internal.KeywordExecutor.executeKeywordForPlatform(KeywordExecutor.groovy:56)&#13;&#10;&#9;at com.kms.katalon.core.webui.keyword.WebUiBuiltInKeywords.click(WebUiBuiltInKeywords.groovy:616)&#13;&#10;&#9;at com.kms.katalon.core.webui.keyword.WebUiBuiltInKeywords$click$4.call(Unknown Source)&#13;&#10;&#9;at com.pmo.steps.AddProjectSteps.updateSupport(AddProjectSteps.groovy:573)&#13;&#10;&#9;at cucumber.runtime.Utils$1.call(Utils.java:26)&#13;&#10;&#9;at cucumber.runtime.Timeout.timeout(Timeout.java:16)&#13;&#10;&#9;at cucumber.runtime.Utils.invoke(Utils.java:20)&#13;&#10;&#9;at cucumber.runtime.java.JavaStepDefinition.execute(JavaStepDefinition.java:48)&#13;&#10;&#9;at cucumber.runtime.PickleStepDefinitionMatch.runStep(PickleStepDefinitionMatch.java:50)&#13;&#10;&#9;at cucumber.runner.TestStep.executeStep(TestStep.java:55)&#13;&#10;&#9;at cucumber.runner.TestStep.run(TestStep.java:42)&#13;&#10;&#9;at cucumber.runner.PickleStepTestStep.run(PickleStepTestStep.java:53)&#13;&#10;&#9;at cucumber.runner.TestCase.run(TestCase.java:47)&#13;&#10;&#9;at cucumber.runner.Runner.runPickle(Runner.java:44)&#13;&#10;&#9;at cucumber.runtime.Runtime.runFeature(Runtime.java:120)&#13;&#10;&#9;at cucumber.runtime.Runtime.run(Runtime.java:106)&#13;&#10;&#9;at cucumber.api.cli.Main.run(Main.java:35)&#13;&#10;&#9;at cucumber.api.cli.Main$run.call(Unknown Source)&#13;&#10;&#9;at com.kms.katalon.core.cucumber.keyword.CucumberBuiltinKeywords$_runFeatureFile_closure1.doCall(CucumberBuiltinKeywords.groovy:76)&#13;&#10;&#9;at com.kms.katalon.core.cucumber.keyword.CucumberBuiltinKeywords$_runFeatureFile_closure1.doCall(CucumberBuiltinKeywords.groovy)&#13;&#10;&#9;at com.kms.katalon.core.keyword.internal.KeywordMain.runKeyword(KeywordMain.groovy:66)&#13;&#10;&#9;at com.kms.katalon.core.keyword.internal.KeywordMain$runKeyword.call(Unknown Source)&#13;&#10;&#9;at com.kms.katalon.core.cucumber.keyword.CucumberBuiltinKeywords.runFeatureFile(CucumberBuiltinKeywords.groovy:46)&#13;&#10;&#9;at com.kms.katalon.core.cucumber.keyword.CucumberBuiltinKeywords$runFeatureFile$0.callStatic(Unknown Source)&#13;&#10;&#9;at com.kms.katalon.core.cucumber.keyword.CucumberBuiltinKeywords.runFeatureFile(CucumberBuiltinKeywords.groovy:101)&#13;&#10;&#9;at com.kms.katalon.core.cucumber.keyword.CucumberBuiltinKeywords$runFeatureFile.call(Unknown Source)&#13;&#10;&#9;at Script1557915936038.run(Script1557915936038.groovy:16)&#13;&#10;&#9;at com.kms.katalon.core.main.ScriptEngine.run(ScriptEngine.java:194)&#13;&#10;&#9;at com.kms.katalon.core.main.ScriptEngine.runScriptAsRawText(ScriptEngine.java:119)&#13;&#10;&#9;at com.kms.katalon.core.main.TestCaseExecutor.runScript(TestCaseExecutor.java:331)&#13;&#10;&#9;at com.kms.katalon.core.main.TestCaseExecutor.doExecute(TestCaseExecutor.java:322)&#13;&#10;&#9;at com.kms.katalon.core.main.TestCaseExecutor.processExecutionPhase(TestCaseExecutor.java:301)&#13;&#10;&#9;at com.kms.katalon.core.main.TestCaseExecutor.accessMainPhase(TestCaseExecutor.java:293)&#13;&#10;&#9;at com.kms.katalon.core.main.TestCaseExecutor.execute(TestCaseExecutor.java:227)&#13;&#10;&#9;at com.kms.katalon.core.main.TestSuiteExecutor.accessTestCaseMainPhase(TestSuiteExecutor.java:129)&#13;&#10;&#9;at com.kms.katalon.core.main.TestSuiteExecutor.accessTestSuiteMainPhase(TestSuiteExecutor.java:112)&#13;&#10;&#9;at com.kms.katalon.core.main.TestSuiteExecutor.execute(TestSuiteExecutor.java:81)&#13;&#10;&#9;at com.kms.katalon.core.main.TestCaseMain.startTestSuite(TestCaseMain.java:157)&#13;&#10;&#9;at com.kms.katalon.core.main.TestCaseMain$startTestSuite$0.call(Unknown Source)&#13;&#10;&#9;at TempTestSuite1558256730283.run(TempTestSuite1558256730283.groovy:35)&#13;&#10;"><![CDATA[Given I want to open browser................................................passed
When I want to maximize window..............................................passed
When I want to go to OOB....................................................passed
Then I want to verify I'm in OOB main page..................................passed
When I want to go to projects list..........................................passed
Then I want to verify project list page.....................................passed
When I want to click Add new project button.................................passed
When I want to fill project name............................................passed
When I want to select project type..........................................passed
When I want to select project expected start date...........................passed
When I want to select project expected end date.............................passed
When I want to fill project budget..........................................passed
When I want to select from owner deopdown list..............................passed
When I want to fill project manager field...................................passed
When I want to tap enter key on manager field...............................passed
When I want to fill project owner field.....................................passed
When I want to tap enter key on owner field.................................passed
When I want to fill project sponser field...................................passed
When I want to tap enter key on sponser field...............................passed
When I want to fill project description field...............................passed
When I want to fill project notes field.....................................passed
When I want to add attachment for the project...............................passed
When I want to wait.........................................................passed
When I want to click on send project button.................................passed
When I want to wait for page load...........................................passed
When I want to check im in projects list page...............................passed
When I want to search for crated project by name............................passed
When I want to view project page............................................passed
When I want to go to project support page...................................passed
When I want to verify project support page..................................passed
When I want to submit support...............................................passed
When I want to update support...............................................failed
Then I want to close browser................................................skipped

StackTrace:
com.kms.katalon.core.exception.StepFailedException: Unable to click on object 'Object Repository/OOBObjects/SupportPageObjects/EditSupportIcon'
	at com.kms.katalon.core.webui.keyword.internal.WebUIKeywordMain.stepFailed(WebUIKeywordMain.groovy:64)
	at com.kms.katalon.core.webui.keyword.internal.WebUIKeywordMain.runKeyword(WebUIKeywordMain.groovy:26)
	at com.kms.katalon.core.webui.keyword.builtin.ClickKeyword.click(ClickKeyword.groovy:86)
	at com.kms.katalon.core.webui.keyword.builtin.ClickKeyword.execute(ClickKeyword.groovy:67)
	at com.kms.katalon.core.keyword.internal.KeywordExecutor.executeKeywordForPlatform(KeywordExecutor.groovy:56)
	at com.kms.katalon.core.webui.keyword.WebUiBuiltInKeywords.click(WebUiBuiltInKeywords.groovy:616)
	at com.kms.katalon.core.webui.keyword.WebUiBuiltInKeywords$click$4.call(Unknown Source)
	at com.pmo.steps.AddProjectSteps.updateSupport(AddProjectSteps.groovy:573)
	at ✽.I want to update support(C:/Users/HP/git/PMO-Web-Application/Include/features/Governance-Module/Add-Project/038-Update-Project-Support.feature:37)
Caused by: com.kms.katalon.core.webui.exception.WebElementNotFoundException: Web element with id: 'Object Repository/OOBObjects/SupportPageObjects/EditSupportIcon' located by 'By.xpath: //table[@id='supportsTable']/tbody/tr/td[8]/a/i' not found
	at com.kms.katalon.core.webui.common.WebUiCommonHelper.findWebElement(WebUiCommonHelper.java:1053)
	at com.kms.katalon.core.webui.keyword.internal.WebUIAbstractKeyword.findWebElement(WebUIAbstractKeyword.groovy:27)
	at com.kms.katalon.core.webui.keyword.internal.WebUIAbstractKeyword.findWebElement(WebUIAbstractKeyword.groovy:26)
	at com.kms.katalon.core.webui.keyword.builtin.ClickKeyword$_click_closure1.doCall(ClickKeyword.groovy:77)
	at com.kms.katalon.core.webui.keyword.builtin.ClickKeyword$_click_closure1.call(ClickKeyword.groovy)
	at com.kms.katalon.core.webui.keyword.internal.WebUIKeywordMain.runKeyword(WebUIKeywordMain.groovy:20)
	at com.kms.katalon.core.webui.keyword.builtin.ClickKeyword.click(ClickKeyword.groovy:86)
	at com.kms.katalon.core.webui.keyword.builtin.ClickKeyword.execute(ClickKeyword.groovy:67)
	at com.kms.katalon.core.keyword.internal.KeywordExecutor.executeKeywordForPlatform(KeywordExecutor.groovy:56)
	at com.kms.katalon.core.webui.keyword.WebUiBuiltInKeywords.click(WebUiBuiltInKeywords.groovy:616)
	at com.kms.katalon.core.webui.keyword.WebUiBuiltInKeywords$click$4.call(Unknown Source)
	at com.pmo.steps.AddProjectSteps.updateSupport(AddProjectSteps.groovy:573)
	at cucumber.runtime.Utils$1.call(Utils.java:26)
	at cucumber.runtime.Timeout.timeout(Timeout.java:16)
	at cucumber.runtime.Utils.invoke(Utils.java:20)
	at cucumber.runtime.java.JavaStepDefinition.execute(JavaStepDefinition.java:48)
	at cucumber.runtime.PickleStepDefinitionMatch.runStep(PickleStepDefinitionMatch.java:50)
	at cucumber.runner.TestStep.executeStep(TestStep.java:55)
	at cucumber.runner.TestStep.run(TestStep.java:42)
	at cucumber.runner.PickleStepTestStep.run(PickleStepTestStep.java:53)
	at cucumber.runner.TestCase.run(TestCase.java:47)
	at cucumber.runner.Runner.runPickle(Runner.java:44)
	at cucumber.runtime.Runtime.runFeature(Runtime.java:120)
	at cucumber.runtime.Runtime.run(Runtime.java:106)
	at cucumber.api.cli.Main.run(Main.java:35)
	at cucumber.api.cli.Main$run.call(Unknown Source)
	at com.kms.katalon.core.cucumber.keyword.CucumberBuiltinKeywords$_runFeatureFile_closure1.doCall(CucumberBuiltinKeywords.groovy:76)
	at com.kms.katalon.core.cucumber.keyword.CucumberBuiltinKeywords$_runFeatureFile_closure1.doCall(CucumberBuiltinKeywords.groovy)
	at com.kms.katalon.core.keyword.internal.KeywordMain.runKeyword(KeywordMain.groovy:66)
	at com.kms.katalon.core.keyword.internal.KeywordMain$runKeyword.call(Unknown Source)
	at com.kms.katalon.core.cucumber.keyword.CucumberBuiltinKeywords.runFeatureFile(CucumberBuiltinKeywords.groovy:46)
	at com.kms.katalon.core.cucumber.keyword.CucumberBuiltinKeywords$runFeatureFile$0.callStatic(Unknown Source)
	at com.kms.katalon.core.cucumber.keyword.CucumberBuiltinKeywords.runFeatureFile(CucumberBuiltinKeywords.groovy:101)
	at com.kms.katalon.core.cucumber.keyword.CucumberBuiltinKeywords$runFeatureFile.call(Unknown Source)
	at Script1557915936038.run(Script1557915936038.groovy:16)
	at com.kms.katalon.core.main.ScriptEngine.run(ScriptEngine.java:194)
	at com.kms.katalon.core.main.ScriptEngine.runScriptAsRawText(ScriptEngine.java:119)
	at com.kms.katalon.core.main.TestCaseExecutor.runScript(TestCaseExecutor.java:331)
	at com.kms.katalon.core.main.TestCaseExecutor.doExecute(TestCaseExecutor.java:322)
	at com.kms.katalon.core.main.TestCaseExecutor.processExecutionPhase(TestCaseExecutor.java:301)
	at com.kms.katalon.core.main.TestCaseExecutor.accessMainPhase(TestCaseExecutor.java:293)
	at com.kms.katalon.core.main.TestCaseExecutor.execute(TestCaseExecutor.java:227)
	at com.kms.katalon.core.main.TestSuiteExecutor.accessTestCaseMainPhase(TestSuiteExecutor.java:129)
	at com.kms.katalon.core.main.TestSuiteExecutor.accessTestSuiteMainPhase(TestSuiteExecutor.java:112)
	at com.kms.katalon.core.main.TestSuiteExecutor.execute(TestSuiteExecutor.java:81)
	at com.kms.katalon.core.main.TestCaseMain.startTestSuite(TestCaseMain.java:157)
	at com.kms.katalon.core.main.TestCaseMain$startTestSuite$0.call(Unknown Source)
	at TempTestSuite1558256730283.run(TempTestSuite1558256730283.groovy:35)
]]></failure>
</testcase>
</testsuite>
