<?xml version="1.0" encoding="UTF-8"?>
<testsuites name="First-Test-Suite" time="381" tests="17" failures="9" errors="0">
   <testsuite name="First-Test-Suite" tests="17" failures="9" errors="0" time="381" timestamp="2019-04-23 14:21:15" hostname="HP - HP45G5" id="Test Suites/First-Test-Suite">
      <properties>
         <property name="deviceName" value=""/>
         <property name="devicePlatform" value=""/>
         <property name="logFolder" value="C:\\Users\\HP\\git\\PMO-Web-Application\\Reports\\First-Test-Suite\\20190423_142114"/>
         <property name="logFiles" value="C:\\Users\\HP\\git\\PMO-Web-Application\\Reports\\First-Test-Suite\\20190423_142114\\execution0.log"/>
         <property name="attachments" value="C:\\Users\\HP\\git\\PMO-Web-Application\\Reports\\First-Test-Suite\\20190423_142114\\1556018517526.png, C:\\Users\\HP\\git\\PMO-Web-Application\\Reports\\First-Test-Suite\\20190423_142114\\1556018722424.png, C:\\Users\\HP\\git\\PMO-Web-Application\\Reports\\First-Test-Suite\\20190423_142114\\1556018722701.png"/>
         <property name="hostName" value="HP - HP45G5"/>
         <property name="os" value="Windows 10 64bit"/>
         <property name="katalonVersion" value="6.0.6.4"/>
         <property name="browser" value="Chrome 73.0.3683.103"/>
         <property name="hostAddress" value="192.168.1.181"/>
         <property name="sessionId" value="1a7ef4a0f3c49c3726bef20cba0142fa"/>
         <property name="seleniumVersion" value="3.7.1"/>
         <property name="proxyInformation" value="ProxyInformation{proxyOption=NO_PROXY, proxyServerType=HTTP, password=, proxyServerAddress=, proxyServerPort=0}"/>
         <property name="platform" value="Windows 10"/>
      </properties>
      <testcase name="Test Cases/Main-Test-Cases/001-Login-To-OOB" classname="Test Cases/Main-Test-Cases/001-Login-To-OOB" status="PASSED">
         <system-out><![CDATA[2019-04-23 14:21:16 - [TEST_CASE][PASSED] - Test Cases/Main-Test-Cases/001-Login-To-OOB: Test Cases/Main-Test-Cases/001-Login-To-OOB

2019-04-23 14:21:16 - [TEST_STEP][PASSED] - runFeatureFile("Include/features/Governance-Module/Add-Idea/001-Login-to-OOB.feature"): Feature file: 'Include/features/Governance-Module/Add-Idea/001-Login-to-OOB.feature' was passed

2019-04-23 14:21:16 - [MESSAGE][INFO] - Starting run keyword runFeatureFile: 'Include/features/Governance-Module/Add-Idea/001-Login-to-OOB.feature' and extract report to folder: 'C:\Users\HP\git\PMO-Web-Application\Reports\First-Test-Suite\20190423_142114/cucumber_report/1556018476343'...

2019-04-23 14:21:16 - [TEST_CASE][PASSED] - Start Test Case : SCENARIO Login to OOB: SCENARIO Login to OOB

2019-04-23 14:21:16 - [TEST_STEP][PASSED] - I want to open browser: I want to open browser

2019-04-23 14:21:16 - [MESSAGE][INFO] - Starting 'Chrome' driver

2019-04-23 14:21:16 - [MESSAGE][INFO] - Action delay is set to 0 seconds

2019-04-23 14:21:19 - [MESSAGE][PASSED] - Browser is opened with url: ''

2019-04-23 14:21:19 - [MESSAGE][PASSED] - Delete all cookies successfully

2019-04-23 14:21:19 - [MESSAGE][PASSED] - I want to open browser

2019-04-23 14:21:19 - [TEST_STEP][PASSED] - I want to maximize window: I want to maximize window

2019-04-23 14:21:20 - [MESSAGE][PASSED] - Current window maximized

2019-04-23 14:21:20 - [MESSAGE][PASSED] - I want to maximize window

2019-04-23 14:21:20 - [TEST_STEP][PASSED] - I want to go to OOB: I want to go to OOB

2019-04-23 14:21:28 - [MESSAGE][PASSED] - Navigate to 'https://pmoadmin:P@ssw0rd@dev5.cloudapp.net/OOB2/' successfully

2019-04-23 14:21:28 - [MESSAGE][PASSED] - I want to go to OOB

2019-04-23 14:21:28 - [TEST_STEP][PASSED] - I want to verify I'm in OOB main page: I want to verify I'm in OOB main page

2019-04-23 14:21:28 - [MESSAGE][WARNING] - Timeout '0' is invalid. Using default page load timeout: '30'

2019-04-23 14:21:28 - [MESSAGE][PASSED] - Object 'Object Repository/OOB-Objects/OOB-Side-Bar' is present

2019-04-23 14:21:28 - [MESSAGE][PASSED] - I want to verify I'm in OOB main page

2019-04-23 14:21:28 - [TEST_STEP][PASSED] - I want to close browser: I want to close browser

2019-04-23 14:21:29 - [MESSAGE][PASSED] - Browser is closed

2019-04-23 14:21:29 - [MESSAGE][PASSED] - I want to close browser

2019-04-23 14:21:29 - [MESSAGE][PASSED] - Feature file: 'Include/features/Governance-Module/Add-Idea/001-Login-to-OOB.feature' was passed]]></system-out>
         <system-err><![CDATA[]]></system-err>
      </testcase>
      <testcase name="Test Cases/Main-Test-Cases/002-Verify-OOB-HomePage" classname="Test Cases/Main-Test-Cases/002-Verify-OOB-HomePage" status="PASSED">
         <system-out><![CDATA[2019-04-23 14:21:29 - [TEST_CASE][PASSED] - Test Cases/Main-Test-Cases/002-Verify-OOB-HomePage: Test Cases/Main-Test-Cases/002-Verify-OOB-HomePage

2019-04-23 14:21:29 - [TEST_STEP][PASSED] - runFeatureFile("Include/features/Governance-Module/Add-Idea/002-Verify-OOB-HomePage.feature"): Feature file: 'Include/features/Governance-Module/Add-Idea/002-Verify-OOB-HomePage.feature' was passed

2019-04-23 14:21:29 - [MESSAGE][INFO] - Starting run keyword runFeatureFile: 'Include/features/Governance-Module/Add-Idea/002-Verify-OOB-HomePage.feature' and extract report to folder: 'C:\Users\HP\git\PMO-Web-Application\Reports\First-Test-Suite\20190423_142114/cucumber_report/1556018489585'...

2019-04-23 14:21:29 - [TEST_CASE][PASSED] - Start Test Case : SCENARIO verify OOB home page elements: SCENARIO verify OOB home page elements

2019-04-23 14:21:29 - [TEST_STEP][PASSED] - I want to open browser: I want to open browser

2019-04-23 14:21:29 - [MESSAGE][INFO] - Starting 'Chrome' driver

2019-04-23 14:21:31 - [MESSAGE][PASSED] - Browser is opened with url: ''

2019-04-23 14:21:31 - [MESSAGE][PASSED] - Delete all cookies successfully

2019-04-23 14:21:31 - [MESSAGE][PASSED] - I want to open browser

2019-04-23 14:21:31 - [TEST_STEP][PASSED] - I want to maximize window: I want to maximize window

2019-04-23 14:21:32 - [MESSAGE][PASSED] - Current window maximized

2019-04-23 14:21:32 - [MESSAGE][PASSED] - I want to maximize window

2019-04-23 14:21:32 - [TEST_STEP][PASSED] - I want to go to OOB: I want to go to OOB

2019-04-23 14:21:40 - [MESSAGE][PASSED] - Navigate to 'https://pmoadmin:P@ssw0rd@dev5.cloudapp.net/OOB2/' successfully

2019-04-23 14:21:40 - [MESSAGE][PASSED] - I want to go to OOB

2019-04-23 14:21:40 - [TEST_STEP][PASSED] - I want to verify I'm in OOB main page: I want to verify I'm in OOB main page

2019-04-23 14:21:40 - [MESSAGE][WARNING] - Timeout '0' is invalid. Using default page load timeout: '30'

2019-04-23 14:21:40 - [MESSAGE][PASSED] - Object 'Object Repository/OOB-Objects/OOB-Side-Bar' is present

2019-04-23 14:21:40 - [MESSAGE][PASSED] - I want to verify I'm in OOB main page

2019-04-23 14:21:40 - [TEST_STEP][PASSED] - I want to verify Dashboard presents: I want to verify Dashboard presents

2019-04-23 14:21:40 - [MESSAGE][WARNING] - Timeout '0' is invalid. Using default page load timeout: '30'

2019-04-23 14:21:40 - [MESSAGE][PASSED] - Object 'Object Repository/OOB-Objects/Dashboard' is present

2019-04-23 14:21:40 - [MESSAGE][PASSED] - I want to verify Dashboard presents

2019-04-23 14:21:40 - [TEST_STEP][PASSED] - I want to verify Projects List presents: I want to verify Projects List presents

2019-04-23 14:21:40 - [MESSAGE][WARNING] - Timeout '0' is invalid. Using default page load timeout: '30'

2019-04-23 14:21:40 - [MESSAGE][PASSED] - Object 'Object Repository/OOB-Objects/Projects-List' is present

2019-04-23 14:21:40 - [MESSAGE][PASSED] - I want to verify Projects List presents

2019-04-23 14:21:40 - [TEST_STEP][PASSED] - I want to verify Strategy Center presents: I want to verify Strategy Center presents

2019-04-23 14:21:40 - [MESSAGE][WARNING] - Timeout '0' is invalid. Using default page load timeout: '30'

2019-04-23 14:21:40 - [MESSAGE][PASSED] - Object 'Object Repository/OOB-Objects/Strategy-Center' is present

2019-04-23 14:21:40 - [MESSAGE][PASSED] - I want to verify Strategy Center presents

2019-04-23 14:21:40 - [TEST_STEP][PASSED] - I want to verify Reports presents: I want to verify Reports presents

2019-04-23 14:21:40 - [MESSAGE][WARNING] - Timeout '0' is invalid. Using default page load timeout: '30'

2019-04-23 14:21:40 - [MESSAGE][PASSED] - Object 'Object Repository/OOB-Objects/Reports' is present

2019-04-23 14:21:40 - [MESSAGE][PASSED] - I want to verify Reports presents

2019-04-23 14:21:40 - [TEST_STEP][PASSED] - I want to verify Tasks presents: I want to verify Tasks presents

2019-04-23 14:21:40 - [MESSAGE][WARNING] - Timeout '0' is invalid. Using default page load timeout: '30'

2019-04-23 14:21:40 - [MESSAGE][PASSED] - Object 'Object Repository/OOB-Objects/Tasks' is present

2019-04-23 14:21:40 - [MESSAGE][PASSED] - I want to verify Tasks presents

2019-04-23 14:21:40 - [TEST_STEP][PASSED] - I want to verify Support presents: I want to verify Support presents

2019-04-23 14:21:40 - [MESSAGE][WARNING] - Timeout '0' is invalid. Using default page load timeout: '30'

2019-04-23 14:21:40 - [MESSAGE][PASSED] - Object 'Object Repository/OOB-Objects/Support' is present

2019-04-23 14:21:40 - [MESSAGE][PASSED] - I want to verify Support presents

2019-04-23 14:21:40 - [TEST_STEP][PASSED] - I want to verify User Dropdwon presents: I want to verify User Dropdwon presents

2019-04-23 14:21:40 - [MESSAGE][WARNING] - Timeout '0' is invalid. Using default page load timeout: '30'

2019-04-23 14:21:40 - [MESSAGE][PASSED] - Object 'Object Repository/OOB-Objects/User-Dropdwon' is present

2019-04-23 14:21:40 - [MESSAGE][PASSED] - I want to verify User Dropdwon presents

2019-04-23 14:21:40 - [TEST_STEP][PASSED] - I want to verify Inbox Icon presents: I want to verify Inbox Icon presents

2019-04-23 14:21:40 - [MESSAGE][WARNING] - Timeout '0' is invalid. Using default page load timeout: '30'

2019-04-23 14:21:40 - [MESSAGE][PASSED] - Object 'Object Repository/OOB-Objects/InboxIcon' is present

2019-04-23 14:21:40 - [MESSAGE][PASSED] - I want to verify Inbox Icon presents

2019-04-23 14:21:40 - [TEST_STEP][PASSED] - I want to verify Settings presents: I want to verify Settings presents

2019-04-23 14:21:40 - [MESSAGE][WARNING] - Timeout '0' is invalid. Using default page load timeout: '30'

2019-04-23 14:21:40 - [MESSAGE][PASSED] - Object 'Object Repository/OOB-Objects/Settings' is present

2019-04-23 14:21:40 - [MESSAGE][PASSED] - I want to verify Settings presents

2019-04-23 14:21:40 - [TEST_STEP][PASSED] - I want to verify Language presents: I want to verify Language presents

2019-04-23 14:21:40 - [MESSAGE][WARNING] - Timeout '0' is invalid. Using default page load timeout: '30'

2019-04-23 14:21:40 - [MESSAGE][PASSED] - Object 'Object Repository/OOB-Objects/Language' is present

2019-04-23 14:21:40 - [MESSAGE][PASSED] - I want to verify Language presents

2019-04-23 14:21:40 - [TEST_STEP][PASSED] - I want to close browser: I want to close browser

2019-04-23 14:21:40 - [MESSAGE][PASSED] - Browser is closed

2019-04-23 14:21:40 - [MESSAGE][PASSED] - I want to close browser

2019-04-23 14:21:40 - [MESSAGE][PASSED] - Feature file: 'Include/features/Governance-Module/Add-Idea/002-Verify-OOB-HomePage.feature' was passed]]></system-out>
         <system-err><![CDATA[]]></system-err>
      </testcase>
      <testcase name="Test Cases/Main-Test-Cases/003-Add-Idea" classname="Test Cases/Main-Test-Cases/003-Add-Idea" status="FAILED">
         <failure type="FAILED" message="Test Cases/Main-Test-Cases/003-Add-Idea FAILED.
Reason:
com.kms.katalon.core.exception.StepFailedException: Feature file 'Include/features/Governance-Module/Add-Idea/003-Add-Idea.feature' was failed
	at com.kms.katalon.core.keyword.internal.KeywordMain.stepFailed(KeywordMain.groovy:48)
	at com.kms.katalon.core.keyword.internal.KeywordMain.stepFailed(KeywordMain.groovy)
	at com.kms.katalon.core.keyword.internal.KeywordMain.stepFailed(KeywordMain.groovy:21)
	at com.kms.katalon.core.keyword.internal.KeywordMain$stepFailed$0.call(Unknown Source)
	at com.kms.katalon.core.cucumber.keyword.CucumberBuiltinKeywords$_runFeatureFile_closure1.doCall(CucumberBuiltinKeywords.groovy:82)
	at com.kms.katalon.core.cucumber.keyword.CucumberBuiltinKeywords$_runFeatureFile_closure1.doCall(CucumberBuiltinKeywords.groovy)
	at com.kms.katalon.core.keyword.internal.KeywordMain.runKeyword(KeywordMain.groovy:66)
	at com.kms.katalon.core.keyword.internal.KeywordMain$runKeyword.call(Unknown Source)
	at com.kms.katalon.core.cucumber.keyword.CucumberBuiltinKeywords.runFeatureFile(CucumberBuiltinKeywords.groovy:46)
	at com.kms.katalon.core.cucumber.keyword.CucumberBuiltinKeywords$runFeatureFile$0.callStatic(Unknown Source)
	at com.kms.katalon.core.cucumber.keyword.CucumberBuiltinKeywords.runFeatureFile(CucumberBuiltinKeywords.groovy:101)
	at com.kms.katalon.core.cucumber.keyword.CucumberBuiltinKeywords$runFeatureFile.call(Unknown Source)
	at 003-Add-Idea.run(003-Add-Idea:17)
	at com.kms.katalon.core.main.ScriptEngine.run(ScriptEngine.java:194)
	at com.kms.katalon.core.main.ScriptEngine.runScriptAsRawText(ScriptEngine.java:119)
	at com.kms.katalon.core.main.TestCaseExecutor.runScript(TestCaseExecutor.java:331)
	at com.kms.katalon.core.main.TestCaseExecutor.doExecute(TestCaseExecutor.java:322)
	at com.kms.katalon.core.main.TestCaseExecutor.processExecutionPhase(TestCaseExecutor.java:301)
	at com.kms.katalon.core.main.TestCaseExecutor.accessMainPhase(TestCaseExecutor.java:293)
	at com.kms.katalon.core.main.TestCaseExecutor.execute(TestCaseExecutor.java:227)
	at com.kms.katalon.core.main.TestSuiteExecutor.accessTestCaseMainPhase(TestSuiteExecutor.java:129)
	at com.kms.katalon.core.main.TestSuiteExecutor.accessTestSuiteMainPhase(TestSuiteExecutor.java:112)
	at com.kms.katalon.core.main.TestSuiteExecutor.execute(TestSuiteExecutor.java:81)
	at com.kms.katalon.core.main.TestCaseMain.startTestSuite(TestCaseMain.java:157)
	at com.kms.katalon.core.main.TestCaseMain$startTestSuite$0.call(Unknown Source)
	at TempTestSuite1556018474461.run(TempTestSuite1556018474461.groovy:35)
"/>
         <system-out><![CDATA[2019-04-23 14:21:40 - [TEST_CASE][FAILED] - Test Cases/Main-Test-Cases/003-Add-Idea: Test Cases/Main-Test-Cases/003-Add-Idea FAILED.
Reason:
com.kms.katalon.core.exception.StepFailedException: Feature file 'Include/features/Governance-Module/Add-Idea/003-Add-Idea.feature' was failed
	at com.kms.katalon.core.keyword.internal.KeywordMain.stepFailed(KeywordMain.groovy:48)
	at com.kms.katalon.core.keyword.internal.KeywordMain.stepFailed(KeywordMain.groovy)
	at com.kms.katalon.core.keyword.internal.KeywordMain.stepFailed(KeywordMain.groovy:21)
	at com.kms.katalon.core.keyword.internal.KeywordMain$stepFailed$0.call(Unknown Source)
	at com.kms.katalon.core.cucumber.keyword.CucumberBuiltinKeywords$_runFeatureFile_closure1.doCall(CucumberBuiltinKeywords.groovy:82)
	at com.kms.katalon.core.cucumber.keyword.CucumberBuiltinKeywords$_runFeatureFile_closure1.doCall(CucumberBuiltinKeywords.groovy)
	at com.kms.katalon.core.keyword.internal.KeywordMain.runKeyword(KeywordMain.groovy:66)
	at com.kms.katalon.core.keyword.internal.KeywordMain$runKeyword.call(Unknown Source)
	at com.kms.katalon.core.cucumber.keyword.CucumberBuiltinKeywords.runFeatureFile(CucumberBuiltinKeywords.groovy:46)
	at com.kms.katalon.core.cucumber.keyword.CucumberBuiltinKeywords$runFeatureFile$0.callStatic(Unknown Source)
	at com.kms.katalon.core.cucumber.keyword.CucumberBuiltinKeywords.runFeatureFile(CucumberBuiltinKeywords.groovy:101)
	at com.kms.katalon.core.cucumber.keyword.CucumberBuiltinKeywords$runFeatureFile.call(Unknown Source)
	at 003-Add-Idea.run(003-Add-Idea:17)
	at com.kms.katalon.core.main.ScriptEngine.run(ScriptEngine.java:194)
	at com.kms.katalon.core.main.ScriptEngine.runScriptAsRawText(ScriptEngine.java:119)
	at com.kms.katalon.core.main.TestCaseExecutor.runScript(TestCaseExecutor.java:331)
	at com.kms.katalon.core.main.TestCaseExecutor.doExecute(TestCaseExecutor.java:322)
	at com.kms.katalon.core.main.TestCaseExecutor.processExecutionPhase(TestCaseExecutor.java:301)
	at com.kms.katalon.core.main.TestCaseExecutor.accessMainPhase(TestCaseExecutor.java:293)
	at com.kms.katalon.core.main.TestCaseExecutor.execute(TestCaseExecutor.java:227)
	at com.kms.katalon.core.main.TestSuiteExecutor.accessTestCaseMainPhase(TestSuiteExecutor.java:129)
	at com.kms.katalon.core.main.TestSuiteExecutor.accessTestSuiteMainPhase(TestSuiteExecutor.java:112)
	at com.kms.katalon.core.main.TestSuiteExecutor.execute(TestSuiteExecutor.java:81)
	at com.kms.katalon.core.main.TestCaseMain.startTestSuite(TestCaseMain.java:157)
	at com.kms.katalon.core.main.TestCaseMain$startTestSuite$0.call(Unknown Source)
	at TempTestSuite1556018474461.run(TempTestSuite1556018474461.groovy:35)


2019-04-23 14:21:40 - [TEST_STEP][FAILED] - runFeatureFile("Include/features/Governance-Module/Add-Idea/003-Add-Idea.feature"): runFeatureFile("Include/features/Governance-Module/Add-Idea/003-Add-Idea.feature") FAILED.
Reason:
com.kms.katalon.core.exception.StepFailedException: Feature file 'Include/features/Governance-Module/Add-Idea/003-Add-Idea.feature' was failed
	at com.kms.katalon.core.keyword.internal.KeywordMain.stepFailed(KeywordMain.groovy:48)
	at com.kms.katalon.core.keyword.internal.KeywordMain.stepFailed(KeywordMain.groovy)
	at com.kms.katalon.core.keyword.internal.KeywordMain.stepFailed(KeywordMain.groovy:21)
	at com.kms.katalon.core.keyword.internal.KeywordMain$stepFailed$0.call(Unknown Source)
	at com.kms.katalon.core.cucumber.keyword.CucumberBuiltinKeywords$_runFeatureFile_closure1.doCall(CucumberBuiltinKeywords.groovy:82)
	at com.kms.katalon.core.cucumber.keyword.CucumberBuiltinKeywords$_runFeatureFile_closure1.doCall(CucumberBuiltinKeywords.groovy)
	at com.kms.katalon.core.keyword.internal.KeywordMain.runKeyword(KeywordMain.groovy:66)
	at com.kms.katalon.core.keyword.internal.KeywordMain$runKeyword.call(Unknown Source)
	at com.kms.katalon.core.cucumber.keyword.CucumberBuiltinKeywords.runFeatureFile(CucumberBuiltinKeywords.groovy:46)
	at com.kms.katalon.core.cucumber.keyword.CucumberBuiltinKeywords$runFeatureFile$0.callStatic(Unknown Source)
	at com.kms.katalon.core.cucumber.keyword.CucumberBuiltinKeywords.runFeatureFile(CucumberBuiltinKeywords.groovy:101)
	at com.kms.katalon.core.cucumber.keyword.CucumberBuiltinKeywords$runFeatureFile.call(Unknown Source)
	at 003-Add-Idea.run(003-Add-Idea:17)
	at com.kms.katalon.core.main.ScriptEngine.run(ScriptEngine.java:194)
	at com.kms.katalon.core.main.ScriptEngine.runScriptAsRawText(ScriptEngine.java:119)
	at com.kms.katalon.core.main.TestCaseExecutor.runScript(TestCaseExecutor.java:331)
	at com.kms.katalon.core.main.TestCaseExecutor.doExecute(TestCaseExecutor.java:322)
	at com.kms.katalon.core.main.TestCaseExecutor.processExecutionPhase(TestCaseExecutor.java:301)
	at com.kms.katalon.core.main.TestCaseExecutor.accessMainPhase(TestCaseExecutor.java:293)
	at com.kms.katalon.core.main.TestCaseExecutor.execute(TestCaseExecutor.java:227)
	at com.kms.katalon.core.main.TestSuiteExecutor.accessTestCaseMainPhase(TestSuiteExecutor.java:129)
	at com.kms.katalon.core.main.TestSuiteExecutor.accessTestSuiteMainPhase(TestSuiteExecutor.java:112)
	at com.kms.katalon.core.main.TestSuiteExecutor.execute(TestSuiteExecutor.java:81)
	at com.kms.katalon.core.main.TestCaseMain.startTestSuite(TestCaseMain.java:157)
	at com.kms.katalon.core.main.TestCaseMain$startTestSuite$0.call(Unknown Source)
	at TempTestSuite1556018474461.run(TempTestSuite1556018474461.groovy:35)


2019-04-23 14:21:40 - [MESSAGE][INFO] - Starting run keyword runFeatureFile: 'Include/features/Governance-Module/Add-Idea/003-Add-Idea.feature' and extract report to folder: 'C:\Users\HP\git\PMO-Web-Application\Reports\First-Test-Suite\20190423_142114/cucumber_report/1556018500956'...

2019-04-23 14:21:41 - [TEST_CASE][FAILED] - Start Test Case : SCENARIO Add new idea: SCENARIO Add new idea FAILED.
Reason:
com.kms.katalon.core.exception.StepFailedException: Unable to click on object 'Object Repository/PMO-Objects/Page_Add New Project Request/SendIdeaButton'
	at com.kms.katalon.core.webui.keyword.internal.WebUIKeywordMain.stepFailed(WebUIKeywordMain.groovy:64)
	at com.kms.katalon.core.webui.keyword.internal.WebUIKeywordMain.runKeyword(WebUIKeywordMain.groovy:26)
	at com.kms.katalon.core.webui.keyword.builtin.ClickKeyword.click(ClickKeyword.groovy:86)
	at com.kms.katalon.core.webui.keyword.builtin.ClickKeyword.execute(ClickKeyword.groovy:67)
	at com.kms.katalon.core.keyword.internal.KeywordExecutor.executeKeywordForPlatform(KeywordExecutor.groovy:56)
	at com.kms.katalon.core.webui.keyword.WebUiBuiltInKeywords.click(WebUiBuiltInKeywords.groovy:616)
	at com.kms.katalon.core.webui.keyword.WebUiBuiltInKeywords$click$5.call(Unknown Source)
	at com.pmo.steps.AddIdeaSteps.clickSendIdea(AddIdeaSteps.groovy:293)
	at ✽.I want to click send idea button(C:/Users/HP/git/PMO-Web-Application/Include/features/Governance-Module/Add-Idea/003-Add-Idea.feature:20)
Caused by: org.openqa.selenium.WebDriverException: unknown error: Element <button type="button" id="btnSend" class="btn btn-block btn-primary" value="false">...</button> is not clickable at point (201, 286). Other element would receive the click: <div class="spinner-wrapper" id="ajaxBusy" style="">...</div>
  (Session info: chrome=73.0.3683.103)
  (Driver info: chromedriver=2.43.600210 (68dcf5eebde37173d4027fa8635e332711d2874a),platform=Windows NT 10.0.17134 x86_64) (WARNING: The server did not provide any stacktrace information)
Command duration or timeout: 0 milliseconds
Build info: version: '3.7.1', revision: '8a0099a', time: '2017-11-06T21:07:36.161Z'
System info: host: 'HP45G5', ip: '192.168.1.181', os.name: 'Windows 10', os.arch: 'amd64', os.version: '10.0', java.version: '1.8.0_181'
Driver info: com.kms.katalon.selenium.driver.CChromeDriver
Capabilities {acceptInsecureCerts: false, acceptSslCerts: false, applicationCacheEnabled: false, browserConnectionEnabled: false, browserName: chrome, chrome: {chromedriverVersion: 2.43.600210 (68dcf5eebde371..., userDataDir: C:\Users\HP\AppData\Local\T...}, cssSelectorsEnabled: true, databaseEnabled: false, goog:chromeOptions: {debuggerAddress: localhost:62043}, handlesAlerts: true, hasTouchScreen: false, javascriptEnabled: true, locationContextEnabled: true, mobileEmulationEnabled: false, nativeEvents: true, networkConnectionEnabled: false, pageLoadStrategy: normal, platform: XP, platformName: XP, rotatable: false, setWindowRect: true, takesHeapSnapshot: true, takesScreenshot: true, unexpectedAlertBehaviour: , unhandledPromptBehavior: , version: 73.0.3683.103, webStorageEnabled: true}
Session ID: f6ccb7b49c1494d3b4df38b4d6119ce7
	at org.openqa.selenium.remote.ErrorHandler.createThrowable(ErrorHandler.java:214)
	at org.openqa.selenium.remote.ErrorHandler.throwIfResponseFailed(ErrorHandler.java:166)
	at org.openqa.selenium.remote.http.JsonHttpResponseCodec.reconstructValue(JsonHttpResponseCodec.java:40)
	at org.openqa.selenium.remote.http.AbstractHttpResponseCodec.decode(AbstractHttpResponseCodec.java:80)
	at org.openqa.selenium.remote.http.AbstractHttpResponseCodec.decode(AbstractHttpResponseCodec.java:44)
	at org.openqa.selenium.remote.HttpCommandExecutor.execute(HttpCommandExecutor.java:164)
	at org.openqa.selenium.remote.service.DriverCommandExecutor.execute(DriverCommandExecutor.java:83)
	at org.openqa.selenium.remote.RemoteWebDriver.execute(RemoteWebDriver.java:600)
	at com.kms.katalon.selenium.driver.CChromeDriver.execute(CChromeDriver.java:20)
	at org.openqa.selenium.remote.RemoteWebElement.execute(RemoteWebElement.java:279)
	at org.openqa.selenium.remote.RemoteWebElement.click(RemoteWebElement.java:83)
	at com.kms.katalon.core.webui.keyword.builtin.ClickKeyword$_click_closure1.doCall(ClickKeyword.groovy:79)
	at com.kms.katalon.core.webui.keyword.builtin.ClickKeyword$_click_closure1.call(ClickKeyword.groovy)
	at com.kms.katalon.core.webui.keyword.internal.WebUIKeywordMain.runKeyword(WebUIKeywordMain.groovy:20)
	at com.kms.katalon.core.webui.keyword.builtin.ClickKeyword.click(ClickKeyword.groovy:86)
	at com.kms.katalon.core.webui.keyword.builtin.ClickKeyword.execute(ClickKeyword.groovy:67)
	at com.kms.katalon.core.keyword.internal.KeywordExecutor.executeKeywordForPlatform(KeywordExecutor.groovy:56)
	at com.kms.katalon.core.webui.keyword.WebUiBuiltInKeywords.click(WebUiBuiltInKeywords.groovy:616)
	at com.kms.katalon.core.webui.keyword.WebUiBuiltInKeywords$click$5.call(Unknown Source)
	at com.pmo.steps.AddIdeaSteps.clickSendIdea(AddIdeaSteps.groovy:293)
	at cucumber.runtime.Utils$1.call(Utils.java:26)
	at cucumber.runtime.Timeout.timeout(Timeout.java:16)
	at cucumber.runtime.Utils.invoke(Utils.java:20)
	at cucumber.runtime.java.JavaStepDefinition.execute(JavaStepDefinition.java:48)
	at cucumber.runtime.PickleStepDefinitionMatch.runStep(PickleStepDefinitionMatch.java:50)
	at cucumber.runner.TestStep.executeStep(TestStep.java:55)
	at cucumber.runner.TestStep.run(TestStep.java:42)
	at cucumber.runner.PickleStepTestStep.run(PickleStepTestStep.java:53)
	at cucumber.runner.TestCase.run(TestCase.java:47)
	at cucumber.runner.Runner.runPickle(Runner.java:44)
	at cucumber.runtime.Runtime.runFeature(Runtime.java:120)
	at cucumber.runtime.Runtime.run(Runtime.java:106)
	at cucumber.api.cli.Main.run(Main.java:35)
	at cucumber.api.cli.Main$run.call(Unknown Source)
	at com.kms.katalon.core.cucumber.keyword.CucumberBuiltinKeywords$_runFeatureFile_closure1.doCall(CucumberBuiltinKeywords.groovy:76)
	at com.kms.katalon.core.cucumber.keyword.CucumberBuiltinKeywords$_runFeatureFile_closure1.doCall(CucumberBuiltinKeywords.groovy)
	at com.kms.katalon.core.keyword.internal.KeywordMain.runKeyword(KeywordMain.groovy:66)
	at com.kms.katalon.core.keyword.internal.KeywordMain$runKeyword.call(Unknown Source)
	at com.kms.katalon.core.cucumber.keyword.CucumberBuiltinKeywords.runFeatureFile(CucumberBuiltinKeywords.groovy:46)
	at com.kms.katalon.core.cucumber.keyword.CucumberBuiltinKeywords$runFeatureFile$0.callStatic(Unknown Source)
	at com.kms.katalon.core.cucumber.keyword.CucumberBuiltinKeywords.runFeatureFile(CucumberBuiltinKeywords.groovy:101)
	at com.kms.katalon.core.cucumber.keyword.CucumberBuiltinKeywords$runFeatureFile.call(Unknown Source)
	at Script1554886943707.run(Script1554886943707.groovy:17)
	at com.kms.katalon.core.main.ScriptEngine.run(ScriptEngine.java:194)
	at com.kms.katalon.core.main.ScriptEngine.runScriptAsRawText(ScriptEngine.java:119)
	at com.kms.katalon.core.main.TestCaseExecutor.runScript(TestCaseExecutor.java:331)
	at com.kms.katalon.core.main.TestCaseExecutor.doExecute(TestCaseExecutor.java:322)
	at com.kms.katalon.core.main.TestCaseExecutor.processExecutionPhase(TestCaseExecutor.java:301)
	at com.kms.katalon.core.main.TestCaseExecutor.accessMainPhase(TestCaseExecutor.java:293)
	at com.kms.katalon.core.main.TestCaseExecutor.execute(TestCaseExecutor.java:227)
	at com.kms.katalon.core.main.TestSuiteExecutor.accessTestCaseMainPhase(TestSuiteExecutor.java:129)
	at com.kms.katalon.core.main.TestSuiteExecutor.accessTestSuiteMainPhase(TestSuiteExecutor.java:112)
	at com.kms.katalon.core.main.TestSuiteExecutor.execute(TestSuiteExecutor.java:81)
	at com.kms.katalon.core.main.TestCaseMain.startTestSuite(TestCaseMain.java:157)
	at com.kms.katalon.core.main.TestCaseMain$startTestSuite$0.call(Unknown Source)
	at TempTestSuite1556018474461.run(TempTestSuite1556018474461.groovy:35)


2019-04-23 14:21:41 - [TEST_STEP][PASSED] - I want to open browser: I want to open browser

2019-04-23 14:21:41 - [MESSAGE][INFO] - Starting 'Chrome' driver

2019-04-23 14:21:43 - [MESSAGE][PASSED] - Browser is opened with url: ''

2019-04-23 14:21:43 - [MESSAGE][PASSED] - Delete all cookies successfully

2019-04-23 14:21:43 - [MESSAGE][PASSED] - I want to open browser

2019-04-23 14:21:43 - [TEST_STEP][PASSED] - I want to maximize window: I want to maximize window

2019-04-23 14:21:44 - [MESSAGE][PASSED] - Current window maximized

2019-04-23 14:21:44 - [MESSAGE][PASSED] - I want to maximize window

2019-04-23 14:21:44 - [TEST_STEP][PASSED] - I want to go to OOB: I want to go to OOB

2019-04-23 14:21:51 - [MESSAGE][PASSED] - Navigate to 'https://pmoadmin:P@ssw0rd@dev5.cloudapp.net/OOB2/' successfully

2019-04-23 14:21:51 - [MESSAGE][PASSED] - I want to go to OOB

2019-04-23 14:21:51 - [TEST_STEP][PASSED] - I want to verify I'm in OOB main page: I want to verify I'm in OOB main page

2019-04-23 14:21:51 - [MESSAGE][WARNING] - Timeout '0' is invalid. Using default page load timeout: '30'

2019-04-23 14:21:51 - [MESSAGE][PASSED] - Object 'Object Repository/OOB-Objects/OOB-Side-Bar' is present

2019-04-23 14:21:51 - [MESSAGE][PASSED] - I want to verify I'm in OOB main page

2019-04-23 14:21:51 - [TEST_STEP][PASSED] - I want to go to ideas list page: I want to go to ideas list page

2019-04-23 14:21:53 - [MESSAGE][PASSED] - Object: 'Object Repository/OOB-Objects/IdeasList' is clicked on

2019-04-23 14:21:53 - [MESSAGE][PASSED] - I want to go to ideas list page

2019-04-23 14:21:53 - [TEST_STEP][PASSED] - I want to click on Add New button: I want to click on Add New button

2019-04-23 14:21:55 - [MESSAGE][PASSED] - Object: 'Object Repository/PMO-Objects/Page_Project Request/Add-New-Project-Request' is clicked on

2019-04-23 14:21:55 - [MESSAGE][PASSED] - I want to click on Add New button

2019-04-23 14:21:55 - [TEST_STEP][PASSED] - I want to fill idea name field: I want to fill idea name field

2019-04-23 14:21:55 - [MESSAGE][PASSED] - Text 'Automation4814' is set on object 'Object Repository/PMO-Objects/Page_Add New Project Request/Idea-Name-Field'

2019-04-23 14:21:55 - [MESSAGE][PASSED] - I want to fill idea name field

2019-04-23 14:21:55 - [TEST_STEP][PASSED] - I want to select expected start date: I want to select expected start date

2019-04-23 14:21:55 - [MESSAGE][PASSED] - Object: 'Object Repository/PMO-Objects/Page_Add New Project Request/GREGORIAN-Start-date-Check-Box' is clicked on

2019-04-23 14:21:55 - [MESSAGE][PASSED] - Object: 'Object Repository/PMO-Objects/Page_Add New Project Request/Excepted-Start-Date' is clicked on

2019-04-23 14:21:55 - [MESSAGE][PASSED] - Object: 'Object Repository/PMO-Objects/Page_Add New Project Request/Day26' is hovered

2019-04-23 14:21:55 - [MESSAGE][PASSED] - Object: 'Object Repository/PMO-Objects/Page_Add New Project Request/Day26' is clicked on

2019-04-23 14:21:55 - [MESSAGE][PASSED] - I want to select expected start date

2019-04-23 14:21:55 - [TEST_STEP][PASSED] - I want to select expected end date: I want to select expected end date

2019-04-23 14:21:55 - [MESSAGE][PASSED] - Object 'Object Repository/PMO-Objects/Page_Add New Project Request/GREGORIAN-End-Date-Check-Box' is visible

2019-04-23 14:21:55 - [MESSAGE][PASSED] - Object: 'Object Repository/PMO-Objects/Page_Add New Project Request/GREGORIAN-End-Date-Check-Box' is clicked on

2019-04-23 14:21:55 - [MESSAGE][PASSED] - Object: 'Object Repository/PMO-Objects/Page_Add New Project Request/Excpected-End-Date' is hovered

2019-04-23 14:21:55 - [MESSAGE][PASSED] - Object: 'Object Repository/PMO-Objects/Page_Add New Project Request/Excpected-End-Date' is clicked on

2019-04-23 14:21:55 - [MESSAGE][PASSED] - All options with index in [4] are selected on object 'Object Repository/PMO-Objects/Page_Add New Project Request/EndDateMonthDropdown'

2019-04-23 14:21:56 - [MESSAGE][PASSED] - Object: 'Object Repository/PMO-Objects/Page_Add New Project Request/EndDateDay15' is hovered

2019-04-23 14:21:56 - [MESSAGE][PASSED] - Object: 'Object Repository/PMO-Objects/Page_Add New Project Request/EndDateDay15' is clicked on

2019-04-23 14:21:56 - [MESSAGE][PASSED] - I want to select expected end date

2019-04-23 14:21:56 - [TEST_STEP][PASSED] - I want to fill idea objective field: I want to fill idea objective field

2019-04-23 14:21:56 - [MESSAGE][PASSED] - Text 'Automation' is set on object 'Object Repository/PMO-Objects/Page_Add New Project Request/Idea-Objective-Field'

2019-04-23 14:21:56 - [MESSAGE][PASSED] - I want to fill idea objective field

2019-04-23 14:21:56 - [TEST_STEP][PASSED] - I want to fill expected budget field: I want to fill expected budget field

2019-04-23 14:21:56 - [MESSAGE][PASSED] - Text '10000' is set on object 'Object Repository/PMO-Objects/Page_Add New Project Request/Expected-Budget-Field'

2019-04-23 14:21:56 - [MESSAGE][PASSED] - I want to fill expected budget field

2019-04-23 14:21:56 - [TEST_STEP][PASSED] - I want to fill Notes field: I want to fill Notes field

2019-04-23 14:21:56 - [MESSAGE][PASSED] - Text 'test note' is set on object 'Object Repository/PMO-Objects/Page_Add New Project Request/Notes-Field'

2019-04-23 14:21:56 - [MESSAGE][PASSED] - I want to fill Notes field

2019-04-23 14:21:56 - [TEST_STEP][PASSED] - I want to add Attachment: I want to add Attachment

2019-04-23 14:21:56 - [MESSAGE][PASSED] - Object: 'Object Repository/PMO-Objects/Page_Add New Project Request/Add-New-Document-Button' is clicked on

2019-04-23 14:21:56 - [MESSAGE][WARNING] - Timeout '0' is invalid. Using default page load timeout: '30'

2019-04-23 14:21:56 - [MESSAGE][PASSED] - Scroll to object 'Object Repository/PMO-Objects/Page_Add New Project Request/Add-New-Document-Button' successfully

2019-04-23 14:21:56 - [MESSAGE][PASSED] - Text 'test1' is set on object 'Object Repository/PMO-Objects/Page_Add New Project Request/AttachmentNameField'

2019-04-23 14:21:56 - [MESSAGE][PASSED] - File 'C:\Users\HP\Desktop\download.png' sent to object: 'Object Repository/PMO-Objects/Page_Add New Project Request/Upload-File'

2019-04-23 14:21:56 - [MESSAGE][WARNING] - Timeout '0' is invalid. Using default page load timeout: '30'

2019-04-23 14:21:57 - [MESSAGE][PASSED] - Object 'Object Repository/PMO-Objects/Page_Add New Project Request/AttachedFile' is present

2019-04-23 14:21:57 - [MESSAGE][PASSED] - Object: 'Object Repository/PMO-Objects/Page_Add New Project Request/LoadButton' is clicked on

2019-04-23 14:21:57 - [MESSAGE][PASSED] - I want to add Attachment

2019-04-23 14:21:57 - [TEST_STEP][FAILED] - I want to click send idea button: I want to click send idea button FAILED.
Reason:
com.kms.katalon.core.exception.StepFailedException: Unable to click on object 'Object Repository/PMO-Objects/Page_Add New Project Request/SendIdeaButton'
	at com.kms.katalon.core.webui.keyword.internal.WebUIKeywordMain.stepFailed(WebUIKeywordMain.groovy:64)
	at com.kms.katalon.core.webui.keyword.internal.WebUIKeywordMain.runKeyword(WebUIKeywordMain.groovy:26)
	at com.kms.katalon.core.webui.keyword.builtin.ClickKeyword.click(ClickKeyword.groovy:86)
	at com.kms.katalon.core.webui.keyword.builtin.ClickKeyword.execute(ClickKeyword.groovy:67)
	at com.kms.katalon.core.keyword.internal.KeywordExecutor.executeKeywordForPlatform(KeywordExecutor.groovy:56)
	at com.kms.katalon.core.webui.keyword.WebUiBuiltInKeywords.click(WebUiBuiltInKeywords.groovy:616)
	at com.kms.katalon.core.webui.keyword.WebUiBuiltInKeywords$click$5.call(Unknown Source)
	at com.pmo.steps.AddIdeaSteps.clickSendIdea(AddIdeaSteps.groovy:293)
	at ✽.I want to click send idea button(C:/Users/HP/git/PMO-Web-Application/Include/features/Governance-Module/Add-Idea/003-Add-Idea.feature:20)
Caused by: org.openqa.selenium.WebDriverException: unknown error: Element <button type="button" id="btnSend" class="btn btn-block btn-primary" value="false">...</button> is not clickable at point (201, 286). Other element would receive the click: <div class="spinner-wrapper" id="ajaxBusy" style="">...</div>
  (Session info: chrome=73.0.3683.103)
  (Driver info: chromedriver=2.43.600210 (68dcf5eebde37173d4027fa8635e332711d2874a),platform=Windows NT 10.0.17134 x86_64) (WARNING: The server did not provide any stacktrace information)
Command duration or timeout: 0 milliseconds
Build info: version: '3.7.1', revision: '8a0099a', time: '2017-11-06T21:07:36.161Z'
System info: host: 'HP45G5', ip: '192.168.1.181', os.name: 'Windows 10', os.arch: 'amd64', os.version: '10.0', java.version: '1.8.0_181'
Driver info: com.kms.katalon.selenium.driver.CChromeDriver
Capabilities {acceptInsecureCerts: false, acceptSslCerts: false, applicationCacheEnabled: false, browserConnectionEnabled: false, browserName: chrome, chrome: {chromedriverVersion: 2.43.600210 (68dcf5eebde371..., userDataDir: C:\Users\HP\AppData\Local\T...}, cssSelectorsEnabled: true, databaseEnabled: false, goog:chromeOptions: {debuggerAddress: localhost:62043}, handlesAlerts: true, hasTouchScreen: false, javascriptEnabled: true, locationContextEnabled: true, mobileEmulationEnabled: false, nativeEvents: true, networkConnectionEnabled: false, pageLoadStrategy: normal, platform: XP, platformName: XP, rotatable: false, setWindowRect: true, takesHeapSnapshot: true, takesScreenshot: true, unexpectedAlertBehaviour: , unhandledPromptBehavior: , version: 73.0.3683.103, webStorageEnabled: true}
Session ID: f6ccb7b49c1494d3b4df38b4d6119ce7
	at org.openqa.selenium.remote.ErrorHandler.createThrowable(ErrorHandler.java:214)
	at org.openqa.selenium.remote.ErrorHandler.throwIfResponseFailed(ErrorHandler.java:166)
	at org.openqa.selenium.remote.http.JsonHttpResponseCodec.reconstructValue(JsonHttpResponseCodec.java:40)
	at org.openqa.selenium.remote.http.AbstractHttpResponseCodec.decode(AbstractHttpResponseCodec.java:80)
	at org.openqa.selenium.remote.http.AbstractHttpResponseCodec.decode(AbstractHttpResponseCodec.java:44)
	at org.openqa.selenium.remote.HttpCommandExecutor.execute(HttpCommandExecutor.java:164)
	at org.openqa.selenium.remote.service.DriverCommandExecutor.execute(DriverCommandExecutor.java:83)
	at org.openqa.selenium.remote.RemoteWebDriver.execute(RemoteWebDriver.java:600)
	at com.kms.katalon.selenium.driver.CChromeDriver.execute(CChromeDriver.java:20)
	at org.openqa.selenium.remote.RemoteWebElement.execute(RemoteWebElement.java:279)
	at org.openqa.selenium.remote.RemoteWebElement.click(RemoteWebElement.java:83)
	at com.kms.katalon.core.webui.keyword.builtin.ClickKeyword$_click_closure1.doCall(ClickKeyword.groovy:79)
	at com.kms.katalon.core.webui.keyword.builtin.ClickKeyword$_click_closure1.call(ClickKeyword.groovy)
	at com.kms.katalon.core.webui.keyword.internal.WebUIKeywordMain.runKeyword(WebUIKeywordMain.groovy:20)
	at com.kms.katalon.core.webui.keyword.builtin.ClickKeyword.click(ClickKeyword.groovy:86)
	at com.kms.katalon.core.webui.keyword.builtin.ClickKeyword.execute(ClickKeyword.groovy:67)
	at com.kms.katalon.core.keyword.internal.KeywordExecutor.executeKeywordForPlatform(KeywordExecutor.groovy:56)
	at com.kms.katalon.core.webui.keyword.WebUiBuiltInKeywords.click(WebUiBuiltInKeywords.groovy:616)
	at com.kms.katalon.core.webui.keyword.WebUiBuiltInKeywords$click$5.call(Unknown Source)
	at com.pmo.steps.AddIdeaSteps.clickSendIdea(AddIdeaSteps.groovy:293)
	at cucumber.runtime.Utils$1.call(Utils.java:26)
	at cucumber.runtime.Timeout.timeout(Timeout.java:16)
	at cucumber.runtime.Utils.invoke(Utils.java:20)
	at cucumber.runtime.java.JavaStepDefinition.execute(JavaStepDefinition.java:48)
	at cucumber.runtime.PickleStepDefinitionMatch.runStep(PickleStepDefinitionMatch.java:50)
	at cucumber.runner.TestStep.executeStep(TestStep.java:55)
	at cucumber.runner.TestStep.run(TestStep.java:42)
	at cucumber.runner.PickleStepTestStep.run(PickleStepTestStep.java:53)
	at cucumber.runner.TestCase.run(TestCase.java:47)
	at cucumber.runner.Runner.runPickle(Runner.java:44)
	at cucumber.runtime.Runtime.runFeature(Runtime.java:120)
	at cucumber.runtime.Runtime.run(Runtime.java:106)
	at cucumber.api.cli.Main.run(Main.java:35)
	at cucumber.api.cli.Main$run.call(Unknown Source)
	at com.kms.katalon.core.cucumber.keyword.CucumberBuiltinKeywords$_runFeatureFile_closure1.doCall(CucumberBuiltinKeywords.groovy:76)
	at com.kms.katalon.core.cucumber.keyword.CucumberBuiltinKeywords$_runFeatureFile_closure1.doCall(CucumberBuiltinKeywords.groovy)
	at com.kms.katalon.core.keyword.internal.KeywordMain.runKeyword(KeywordMain.groovy:66)
	at com.kms.katalon.core.keyword.internal.KeywordMain$runKeyword.call(Unknown Source)
	at com.kms.katalon.core.cucumber.keyword.CucumberBuiltinKeywords.runFeatureFile(CucumberBuiltinKeywords.groovy:46)
	at com.kms.katalon.core.cucumber.keyword.CucumberBuiltinKeywords$runFeatureFile$0.callStatic(Unknown Source)
	at com.kms.katalon.core.cucumber.keyword.CucumberBuiltinKeywords.runFeatureFile(CucumberBuiltinKeywords.groovy:101)
	at com.kms.katalon.core.cucumber.keyword.CucumberBuiltinKeywords$runFeatureFile.call(Unknown Source)
	at Script1554886943707.run(Script1554886943707.groovy:17)
	at com.kms.katalon.core.main.ScriptEngine.run(ScriptEngine.java:194)
	at com.kms.katalon.core.main.ScriptEngine.runScriptAsRawText(ScriptEngine.java:119)
	at com.kms.katalon.core.main.TestCaseExecutor.runScript(TestCaseExecutor.java:331)
	at com.kms.katalon.core.main.TestCaseExecutor.doExecute(TestCaseExecutor.java:322)
	at com.kms.katalon.core.main.TestCaseExecutor.processExecutionPhase(TestCaseExecutor.java:301)
	at com.kms.katalon.core.main.TestCaseExecutor.accessMainPhase(TestCaseExecutor.java:293)
	at com.kms.katalon.core.main.TestCaseExecutor.execute(TestCaseExecutor.java:227)
	at com.kms.katalon.core.main.TestSuiteExecutor.accessTestCaseMainPhase(TestSuiteExecutor.java:129)
	at com.kms.katalon.core.main.TestSuiteExecutor.accessTestSuiteMainPhase(TestSuiteExecutor.java:112)
	at com.kms.katalon.core.main.TestSuiteExecutor.execute(TestSuiteExecutor.java:81)
	at com.kms.katalon.core.main.TestCaseMain.startTestSuite(TestCaseMain.java:157)
	at com.kms.katalon.core.main.TestCaseMain$startTestSuite$0.call(Unknown Source)
	at TempTestSuite1556018474461.run(TempTestSuite1556018474461.groovy:35)


2019-04-23 14:21:57 - [MESSAGE][WARNING] - Timeout '0' is invalid. Using default page load timeout: '30'

2019-04-23 14:21:57 - [MESSAGE][PASSED] - Scroll to object 'Object Repository/PMO-Objects/Page_Add New Project Request/CardBlock' successfully

2019-04-23 14:21:57 - [MESSAGE][PASSED] - Object: 'Object Repository/PMO-Objects/Page_Add New Project Request/SendIdeaButton' is focused

2019-04-23 14:21:57 - [MESSAGE][PASSED] - Object: 'Object Repository/PMO-Objects/Page_Add New Project Request/SendIdeaButton' is hovered

2019-04-23 14:21:57 - [MESSAGE][PASSED] - Object 'Object Repository/PMO-Objects/Page_Add New Project Request/SendIdeaButton' is clickable

2019-04-23 14:21:57 - [MESSAGE][FAILED] - Unable to click on object 'Object Repository/PMO-Objects/Page_Add New Project Request/SendIdeaButton' (Root cause: com.kms.katalon.core.exception.StepFailedException: Unable to click on object 'Object Repository/PMO-Objects/Page_Add New Project Request/SendIdeaButton'
	at com.kms.katalon.core.webui.keyword.internal.WebUIKeywordMain.stepFailed(WebUIKeywordMain.groovy:64)
	at com.kms.katalon.core.webui.keyword.internal.WebUIKeywordMain.runKeyword(WebUIKeywordMain.groovy:26)
	at com.kms.katalon.core.webui.keyword.builtin.ClickKeyword.click(ClickKeyword.groovy:86)
	at com.kms.katalon.core.webui.keyword.builtin.ClickKeyword.execute(ClickKeyword.groovy:67)
	at com.kms.katalon.core.keyword.internal.KeywordExecutor.executeKeywordForPlatform(KeywordExecutor.groovy:56)
	at com.kms.katalon.core.webui.keyword.WebUiBuiltInKeywords.click(WebUiBuiltInKeywords.groovy:616)
	at com.kms.katalon.core.webui.keyword.WebUiBuiltInKeywords$click$5.call(Unknown Source)
	at com.pmo.steps.AddIdeaSteps.clickSendIdea(AddIdeaSteps.groovy:293)
	at cucumber.runtime.Utils$1.call(Utils.java:26)
	at cucumber.runtime.Timeout.timeout(Timeout.java:16)
	at cucumber.runtime.Utils.invoke(Utils.java:20)
	at cucumber.runtime.java.JavaStepDefinition.execute(JavaStepDefinition.java:48)
	at cucumber.runtime.PickleStepDefinitionMatch.runStep(PickleStepDefinitionMatch.java:50)
	at cucumber.runner.TestStep.executeStep(TestStep.java:55)
	at cucumber.runner.TestStep.run(TestStep.java:42)
	at cucumber.runner.PickleStepTestStep.run(PickleStepTestStep.java:53)
	at cucumber.runner.TestCase.run(TestCase.java:47)
	at cucumber.runner.Runner.runPickle(Runner.java:44)
	at cucumber.runtime.Runtime.runFeature(Runtime.java:120)
	at cucumber.runtime.Runtime.run(Runtime.java:106)
	at cucumber.api.cli.Main.run(Main.java:35)
	at cucumber.api.cli.Main$run.call(Unknown Source)
	at com.kms.katalon.core.cucumber.keyword.CucumberBuiltinKeywords$_runFeatureFile_closure1.doCall(CucumberBuiltinKeywords.groovy:76)
	at com.kms.katalon.core.cucumber.keyword.CucumberBuiltinKeywords$_runFeatureFile_closure1.doCall(CucumberBuiltinKeywords.groovy)
	at com.kms.katalon.core.keyword.internal.KeywordMain.runKeyword(KeywordMain.groovy:66)
	at com.kms.katalon.core.keyword.internal.KeywordMain$runKeyword.call(Unknown Source)
	at com.kms.katalon.core.cucumber.keyword.CucumberBuiltinKeywords.runFeatureFile(CucumberBuiltinKeywords.groovy:46)
	at com.kms.katalon.core.cucumber.keyword.CucumberBuiltinKeywords$runFeatureFile$0.callStatic(Unknown Source)
	at com.kms.katalon.core.cucumber.keyword.CucumberBuiltinKeywords.runFeatureFile(CucumberBuiltinKeywords.groovy:101)
	at com.kms.katalon.core.cucumber.keyword.CucumberBuiltinKeywords$runFeatureFile.call(Unknown Source)
	at 003-Add-Idea.run(003-Add-Idea:17)
	at com.kms.katalon.core.main.ScriptEngine.run(ScriptEngine.java:194)
	at com.kms.katalon.core.main.ScriptEngine.runScriptAsRawText(ScriptEngine.java:119)
	at com.kms.katalon.core.main.TestCaseExecutor.runScript(TestCaseExecutor.java:331)
	at com.kms.katalon.core.main.TestCaseExecutor.doExecute(TestCaseExecutor.java:322)
	at com.kms.katalon.core.main.TestCaseExecutor.processExecutionPhase(TestCaseExecutor.java:301)
	at com.kms.katalon.core.main.TestCaseExecutor.accessMainPhase(TestCaseExecutor.java:293)
	at com.kms.katalon.core.main.TestCaseExecutor.execute(TestCaseExecutor.java:227)
	at com.kms.katalon.core.main.TestSuiteExecutor.accessTestCaseMainPhase(TestSuiteExecutor.java:129)
	at com.kms.katalon.core.main.TestSuiteExecutor.accessTestSuiteMainPhase(TestSuiteExecutor.java:112)
	at com.kms.katalon.core.main.TestSuiteExecutor.execute(TestSuiteExecutor.java:81)
	at com.kms.katalon.core.main.TestCaseMain.startTestSuite(TestCaseMain.java:157)
	at com.kms.katalon.core.main.TestCaseMain$startTestSuite$0.call(Unknown Source)
	at TempTestSuite1556018474461.run(TempTestSuite1556018474461.groovy:35)
Caused by: org.openqa.selenium.WebDriverException: unknown error: Element <button type="button" id="btnSend" class="btn btn-block btn-primary" value="false">...</button> is not clickable at point (201, 286). Other element would receive the click: <div class="spinner-wrapper" id="ajaxBusy" style="">...</div>
  (Session info: chrome=73.0.3683.103)
  (Driver info: chromedriver=2.43.600210 (68dcf5eebde37173d4027fa8635e332711d2874a),platform=Windows NT 10.0.17134 x86_64) (WARNING: The server did not provide any stacktrace information)
Command duration or timeout: 0 milliseconds
Build info: version: '3.7.1', revision: '8a0099a', time: '2017-11-06T21:07:36.161Z'
System info: host: 'HP45G5', ip: '192.168.1.181', os.name: 'Windows 10', os.arch: 'amd64', os.version: '10.0', java.version: '1.8.0_181'
Driver info: com.kms.katalon.selenium.driver.CChromeDriver
Capabilities {acceptInsecureCerts: false, acceptSslCerts: false, applicationCacheEnabled: false, browserConnectionEnabled: false, browserName: chrome, chrome: {chromedriverVersion: 2.43.600210 (68dcf5eebde371..., userDataDir: C:\Users\HP\AppData\Local\T...}, cssSelectorsEnabled: true, databaseEnabled: false, goog:chromeOptions: {debuggerAddress: localhost:62043}, handlesAlerts: true, hasTouchScreen: false, javascriptEnabled: true, locationContextEnabled: true, mobileEmulationEnabled: false, nativeEvents: true, networkConnectionEnabled: false, pageLoadStrategy: normal, platform: XP, platformName: XP, rotatable: false, setWindowRect: true, takesHeapSnapshot: true, takesScreenshot: true, unexpectedAlertBehaviour: , unhandledPromptBehavior: , version: 73.0.3683.103, webStorageEnabled: true}
Session ID: f6ccb7b49c1494d3b4df38b4d6119ce7
	at org.openqa.selenium.remote.ErrorHandler.createThrowable(ErrorHandler.java:214)
	at org.openqa.selenium.remote.ErrorHandler.throwIfResponseFailed(ErrorHandler.java:166)
	at org.openqa.selenium.remote.http.JsonHttpResponseCodec.reconstructValue(JsonHttpResponseCodec.java:40)
	at org.openqa.selenium.remote.http.AbstractHttpResponseCodec.decode(AbstractHttpResponseCodec.java:80)
	at org.openqa.selenium.remote.http.AbstractHttpResponseCodec.decode(AbstractHttpResponseCodec.java:44)
	at org.openqa.selenium.remote.HttpCommandExecutor.execute(HttpCommandExecutor.java:164)
	at org.openqa.selenium.remote.service.DriverCommandExecutor.execute(DriverCommandExecutor.java:83)
	at org.openqa.selenium.remote.RemoteWebDriver.execute(RemoteWebDriver.java:600)
	at com.kms.katalon.selenium.driver.CChromeDriver.execute(CChromeDriver.java:20)
	at org.openqa.selenium.remote.RemoteWebElement.execute(RemoteWebElement.java:279)
	at org.openqa.selenium.remote.RemoteWebElement.click(RemoteWebElement.java:83)
	at com.kms.katalon.core.webui.keyword.builtin.ClickKeyword$_click_closure1.doCall(ClickKeyword.groovy:79)
	at com.kms.katalon.core.webui.keyword.builtin.ClickKeyword$_click_closure1.call(ClickKeyword.groovy)
	at com.kms.katalon.core.webui.keyword.internal.WebUIKeywordMain.runKeyword(WebUIKeywordMain.groovy:20)
	at com.kms.katalon.core.webui.keyword.builtin.ClickKeyword.click(ClickKeyword.groovy:86)
	at com.kms.katalon.core.webui.keyword.builtin.ClickKeyword.execute(ClickKeyword.groovy:67)
	at com.kms.katalon.core.keyword.internal.KeywordExecutor.executeKeywordForPlatform(KeywordExecutor.groovy:56)
	at com.kms.katalon.core.webui.keyword.WebUiBuiltInKeywords.click(WebUiBuiltInKeywords.groovy:616)
	at com.kms.katalon.core.webui.keyword.WebUiBuiltInKeywords$click$5.call(Unknown Source)
	at com.pmo.steps.AddIdeaSteps.clickSendIdea(AddIdeaSteps.groovy:293)
	at cucumber.runtime.Utils$1.call(Utils.java:26)
	at cucumber.runtime.Timeout.timeout(Timeout.java:16)
	at cucumber.runtime.Utils.invoke(Utils.java:20)
	at cucumber.runtime.java.JavaStepDefinition.execute(JavaStepDefinition.java:48)
	at cucumber.runtime.PickleStepDefinitionMatch.runStep(PickleStepDefinitionMatch.java:50)
	at cucumber.runner.TestStep.executeStep(TestStep.java:55)
	at cucumber.runner.TestStep.run(TestStep.java:42)
	at cucumber.runner.PickleStepTestStep.run(PickleStepTestStep.java:53)
	at cucumber.runner.TestCase.run(TestCase.java:47)
	at cucumber.runner.Runner.runPickle(Runner.java:44)
	at cucumber.runtime.Runtime.runFeature(Runtime.java:120)
	at cucumber.runtime.Runtime.run(Runtime.java:106)
	at cucumber.api.cli.Main.run(Main.java:35)
	at cucumber.api.cli.Main$run.call(Unknown Source)
	at com.kms.katalon.core.cucumber.keyword.CucumberBuiltinKeywords$_runFeatureFile_closure1.doCall(CucumberBuiltinKeywords.groovy:76)
	at com.kms.katalon.core.cucumber.keyword.CucumberBuiltinKeywords$_runFeatureFile_closure1.doCall(CucumberBuiltinKeywords.groovy)
	at com.kms.katalon.core.keyword.internal.KeywordMain.runKeyword(KeywordMain.groovy:66)
	at com.kms.katalon.core.keyword.internal.KeywordMain$runKeyword.call(Unknown Source)
	at com.kms.katalon.core.cucumber.keyword.CucumberBuiltinKeywords.runFeatureFile(CucumberBuiltinKeywords.groovy:46)
	at com.kms.katalon.core.cucumber.keyword.CucumberBuiltinKeywords$runFeatureFile$0.callStatic(Unknown Source)
	at com.kms.katalon.core.cucumber.keyword.CucumberBuiltinKeywords.runFeatureFile(CucumberBuiltinKeywords.groovy:101)
	at com.kms.katalon.core.cucumber.keyword.CucumberBuiltinKeywords$runFeatureFile.call(Unknown Source)
	at Script1554886943707.run(Script1554886943707.groovy:17)
	... 13 more
)
[[ATTACHMENT|C:\\Users\\HP\\git\\PMO-Web-Application\\Reports\\First-Test-Suite\\20190423_142114\\1556018517526.png]]

2019-04-23 14:21:57 - [MESSAGE][FAILED] - I want to click send idea button FAILED.
Reason:
com.kms.katalon.core.exception.StepFailedException: Unable to click on object 'Object Repository/PMO-Objects/Page_Add New Project Request/SendIdeaButton'
	at com.kms.katalon.core.webui.keyword.internal.WebUIKeywordMain.stepFailed(WebUIKeywordMain.groovy:64)
	at com.kms.katalon.core.webui.keyword.internal.WebUIKeywordMain.runKeyword(WebUIKeywordMain.groovy:26)
	at com.kms.katalon.core.webui.keyword.builtin.ClickKeyword.click(ClickKeyword.groovy:86)
	at com.kms.katalon.core.webui.keyword.builtin.ClickKeyword.execute(ClickKeyword.groovy:67)
	at com.kms.katalon.core.keyword.internal.KeywordExecutor.executeKeywordForPlatform(KeywordExecutor.groovy:56)
	at com.kms.katalon.core.webui.keyword.WebUiBuiltInKeywords.click(WebUiBuiltInKeywords.groovy:616)
	at com.kms.katalon.core.webui.keyword.WebUiBuiltInKeywords$click$5.call(Unknown Source)
	at com.pmo.steps.AddIdeaSteps.clickSendIdea(AddIdeaSteps.groovy:293)
	at ✽.I want to click send idea button(C:/Users/HP/git/PMO-Web-Application/Include/features/Governance-Module/Add-Idea/003-Add-Idea.feature:20)
Caused by: org.openqa.selenium.WebDriverException: unknown error: Element <button type="button" id="btnSend" class="btn btn-block btn-primary" value="false">...</button> is not clickable at point (201, 286). Other element would receive the click: <div class="spinner-wrapper" id="ajaxBusy" style="">...</div>
  (Session info: chrome=73.0.3683.103)
  (Driver info: chromedriver=2.43.600210 (68dcf5eebde37173d4027fa8635e332711d2874a),platform=Windows NT 10.0.17134 x86_64) (WARNING: The server did not provide any stacktrace information)
Command duration or timeout: 0 milliseconds
Build info: version: '3.7.1', revision: '8a0099a', time: '2017-11-06T21:07:36.161Z'
System info: host: 'HP45G5', ip: '192.168.1.181', os.name: 'Windows 10', os.arch: 'amd64', os.version: '10.0', java.version: '1.8.0_181'
Driver info: com.kms.katalon.selenium.driver.CChromeDriver
Capabilities {acceptInsecureCerts: false, acceptSslCerts: false, applicationCacheEnabled: false, browserConnectionEnabled: false, browserName: chrome, chrome: {chromedriverVersion: 2.43.600210 (68dcf5eebde371..., userDataDir: C:\Users\HP\AppData\Local\T...}, cssSelectorsEnabled: true, databaseEnabled: false, goog:chromeOptions: {debuggerAddress: localhost:62043}, handlesAlerts: true, hasTouchScreen: false, javascriptEnabled: true, locationContextEnabled: true, mobileEmulationEnabled: false, nativeEvents: true, networkConnectionEnabled: false, pageLoadStrategy: normal, platform: XP, platformName: XP, rotatable: false, setWindowRect: true, takesHeapSnapshot: true, takesScreenshot: true, unexpectedAlertBehaviour: , unhandledPromptBehavior: , version: 73.0.3683.103, webStorageEnabled: true}
Session ID: f6ccb7b49c1494d3b4df38b4d6119ce7
	at org.openqa.selenium.remote.ErrorHandler.createThrowable(ErrorHandler.java:214)
	at org.openqa.selenium.remote.ErrorHandler.throwIfResponseFailed(ErrorHandler.java:166)
	at org.openqa.selenium.remote.http.JsonHttpResponseCodec.reconstructValue(JsonHttpResponseCodec.java:40)
	at org.openqa.selenium.remote.http.AbstractHttpResponseCodec.decode(AbstractHttpResponseCodec.java:80)
	at org.openqa.selenium.remote.http.AbstractHttpResponseCodec.decode(AbstractHttpResponseCodec.java:44)
	at org.openqa.selenium.remote.HttpCommandExecutor.execute(HttpCommandExecutor.java:164)
	at org.openqa.selenium.remote.service.DriverCommandExecutor.execute(DriverCommandExecutor.java:83)
	at org.openqa.selenium.remote.RemoteWebDriver.execute(RemoteWebDriver.java:600)
	at com.kms.katalon.selenium.driver.CChromeDriver.execute(CChromeDriver.java:20)
	at org.openqa.selenium.remote.RemoteWebElement.execute(RemoteWebElement.java:279)
	at org.openqa.selenium.remote.RemoteWebElement.click(RemoteWebElement.java:83)
	at com.kms.katalon.core.webui.keyword.builtin.ClickKeyword$_click_closure1.doCall(ClickKeyword.groovy:79)
	at com.kms.katalon.core.webui.keyword.builtin.ClickKeyword$_click_closure1.call(ClickKeyword.groovy)
	at com.kms.katalon.core.webui.keyword.internal.WebUIKeywordMain.runKeyword(WebUIKeywordMain.groovy:20)
	at com.kms.katalon.core.webui.keyword.builtin.ClickKeyword.click(ClickKeyword.groovy:86)
	at com.kms.katalon.core.webui.keyword.builtin.ClickKeyword.execute(ClickKeyword.groovy:67)
	at com.kms.katalon.core.keyword.internal.KeywordExecutor.executeKeywordForPlatform(KeywordExecutor.groovy:56)
	at com.kms.katalon.core.webui.keyword.WebUiBuiltInKeywords.click(WebUiBuiltInKeywords.groovy:616)
	at com.kms.katalon.core.webui.keyword.WebUiBuiltInKeywords$click$5.call(Unknown Source)
	at com.pmo.steps.AddIdeaSteps.clickSendIdea(AddIdeaSteps.groovy:293)
	at cucumber.runtime.Utils$1.call(Utils.java:26)
	at cucumber.runtime.Timeout.timeout(Timeout.java:16)
	at cucumber.runtime.Utils.invoke(Utils.java:20)
	at cucumber.runtime.java.JavaStepDefinition.execute(JavaStepDefinition.java:48)
	at cucumber.runtime.PickleStepDefinitionMatch.runStep(PickleStepDefinitionMatch.java:50)
	at cucumber.runner.TestStep.executeStep(TestStep.java:55)
	at cucumber.runner.TestStep.run(TestStep.java:42)
	at cucumber.runner.PickleStepTestStep.run(PickleStepTestStep.java:53)
	at cucumber.runner.TestCase.run(TestCase.java:47)
	at cucumber.runner.Runner.runPickle(Runner.java:44)
	at cucumber.runtime.Runtime.runFeature(Runtime.java:120)
	at cucumber.runtime.Runtime.run(Runtime.java:106)
	at cucumber.api.cli.Main.run(Main.java:35)
	at cucumber.api.cli.Main$run.call(Unknown Source)
	at com.kms.katalon.core.cucumber.keyword.CucumberBuiltinKeywords$_runFeatureFile_closure1.doCall(CucumberBuiltinKeywords.groovy:76)
	at com.kms.katalon.core.cucumber.keyword.CucumberBuiltinKeywords$_runFeatureFile_closure1.doCall(CucumberBuiltinKeywords.groovy)
	at com.kms.katalon.core.keyword.internal.KeywordMain.runKeyword(KeywordMain.groovy:66)
	at com.kms.katalon.core.keyword.internal.KeywordMain$runKeyword.call(Unknown Source)
	at com.kms.katalon.core.cucumber.keyword.CucumberBuiltinKeywords.runFeatureFile(CucumberBuiltinKeywords.groovy:46)
	at com.kms.katalon.core.cucumber.keyword.CucumberBuiltinKeywords$runFeatureFile$0.callStatic(Unknown Source)
	at com.kms.katalon.core.cucumber.keyword.CucumberBuiltinKeywords.runFeatureFile(CucumberBuiltinKeywords.groovy:101)
	at com.kms.katalon.core.cucumber.keyword.CucumberBuiltinKeywords$runFeatureFile.call(Unknown Source)
	at Script1554886943707.run(Script1554886943707.groovy:17)
	at com.kms.katalon.core.main.ScriptEngine.run(ScriptEngine.java:194)
	at com.kms.katalon.core.main.ScriptEngine.runScriptAsRawText(ScriptEngine.java:119)
	at com.kms.katalon.core.main.TestCaseExecutor.runScript(TestCaseExecutor.java:331)
	at com.kms.katalon.core.main.TestCaseExecutor.doExecute(TestCaseExecutor.java:322)
	at com.kms.katalon.core.main.TestCaseExecutor.processExecutionPhase(TestCaseExecutor.java:301)
	at com.kms.katalon.core.main.TestCaseExecutor.accessMainPhase(TestCaseExecutor.java:293)
	at com.kms.katalon.core.main.TestCaseExecutor.execute(TestCaseExecutor.java:227)
	at com.kms.katalon.core.main.TestSuiteExecutor.accessTestCaseMainPhase(TestSuiteExecutor.java:129)
	at com.kms.katalon.core.main.TestSuiteExecutor.accessTestSuiteMainPhase(TestSuiteExecutor.java:112)
	at com.kms.katalon.core.main.TestSuiteExecutor.execute(TestSuiteExecutor.java:81)
	at com.kms.katalon.core.main.TestCaseMain.startTestSuite(TestCaseMain.java:157)
	at com.kms.katalon.core.main.TestCaseMain$startTestSuite$0.call(Unknown Source)
	at TempTestSuite1556018474461.run(TempTestSuite1556018474461.groovy:35)


2019-04-23 14:21:57 - [TEST_STEP][NOT_RUN] - I want to verify idea added successfuly: I want to verify idea added successfuly

2019-04-23 14:21:57 - [MESSAGE][NOT_RUN] - I want to verify idea added successfuly

2019-04-23 14:21:57 - [TEST_STEP][NOT_RUN] - I want to close browser: I want to close browser

2019-04-23 14:21:57 - [MESSAGE][NOT_RUN] - I want to close browser

2019-04-23 14:21:57 - [MESSAGE][FAILED] - Feature file 'Include/features/Governance-Module/Add-Idea/003-Add-Idea.feature' was failed

2019-04-23 14:21:57 - [MESSAGE][FAILED] - Keyword runFeatureFile was failed (Root cause: com.kms.katalon.core.exception.StepFailedException: Feature file 'Include/features/Governance-Module/Add-Idea/003-Add-Idea.feature' was failed
	at com.kms.katalon.core.keyword.internal.KeywordMain.stepFailed(KeywordMain.groovy:48)
	at com.kms.katalon.core.keyword.internal.KeywordMain.stepFailed(KeywordMain.groovy)
	at com.kms.katalon.core.keyword.internal.KeywordMain.stepFailed(KeywordMain.groovy:21)
	at com.kms.katalon.core.keyword.internal.KeywordMain$stepFailed$0.call(Unknown Source)
	at com.kms.katalon.core.cucumber.keyword.CucumberBuiltinKeywords$_runFeatureFile_closure1.doCall(CucumberBuiltinKeywords.groovy:82)
	at com.kms.katalon.core.cucumber.keyword.CucumberBuiltinKeywords$_runFeatureFile_closure1.doCall(CucumberBuiltinKeywords.groovy)
	at com.kms.katalon.core.keyword.internal.KeywordMain.runKeyword(KeywordMain.groovy:66)
	at com.kms.katalon.core.keyword.internal.KeywordMain$runKeyword.call(Unknown Source)
	at com.kms.katalon.core.cucumber.keyword.CucumberBuiltinKeywords.runFeatureFile(CucumberBuiltinKeywords.groovy:46)
	at com.kms.katalon.core.cucumber.keyword.CucumberBuiltinKeywords$runFeatureFile$0.callStatic(Unknown Source)
	at com.kms.katalon.core.cucumber.keyword.CucumberBuiltinKeywords.runFeatureFile(CucumberBuiltinKeywords.groovy:101)
	at com.kms.katalon.core.cucumber.keyword.CucumberBuiltinKeywords$runFeatureFile.call(Unknown Source)
	at 003-Add-Idea.run(003-Add-Idea:17)
	at com.kms.katalon.core.main.ScriptEngine.run(ScriptEngine.java:194)
	at com.kms.katalon.core.main.ScriptEngine.runScriptAsRawText(ScriptEngine.java:119)
	at com.kms.katalon.core.main.TestCaseExecutor.runScript(TestCaseExecutor.java:331)
	at com.kms.katalon.core.main.TestCaseExecutor.doExecute(TestCaseExecutor.java:322)
	at com.kms.katalon.core.main.TestCaseExecutor.processExecutionPhase(TestCaseExecutor.java:301)
	at com.kms.katalon.core.main.TestCaseExecutor.accessMainPhase(TestCaseExecutor.java:293)
	at com.kms.katalon.core.main.TestCaseExecutor.execute(TestCaseExecutor.java:227)
	at com.kms.katalon.core.main.TestSuiteExecutor.accessTestCaseMainPhase(TestSuiteExecutor.java:129)
	at com.kms.katalon.core.main.TestSuiteExecutor.accessTestSuiteMainPhase(TestSuiteExecutor.java:112)
	at com.kms.katalon.core.main.TestSuiteExecutor.execute(TestSuiteExecutor.java:81)
	at com.kms.katalon.core.main.TestCaseMain.startTestSuite(TestCaseMain.java:157)
	at com.kms.katalon.core.main.TestCaseMain$startTestSuite$0.call(Unknown Source)
	at TempTestSuite1556018474461.run(TempTestSuite1556018474461.groovy:35)
)

2019-04-23 14:21:57 - [MESSAGE][FAILED] - runFeatureFile("Include/features/Governance-Module/Add-Idea/003-Add-Idea.feature") FAILED.
Reason:
com.kms.katalon.core.exception.StepFailedException: Feature file 'Include/features/Governance-Module/Add-Idea/003-Add-Idea.feature' was failed
	at com.kms.katalon.core.keyword.internal.KeywordMain.stepFailed(KeywordMain.groovy:48)
	at com.kms.katalon.core.keyword.internal.KeywordMain.stepFailed(KeywordMain.groovy)
	at com.kms.katalon.core.keyword.internal.KeywordMain.stepFailed(KeywordMain.groovy:21)
	at com.kms.katalon.core.keyword.internal.KeywordMain$stepFailed$0.call(Unknown Source)
	at com.kms.katalon.core.cucumber.keyword.CucumberBuiltinKeywords$_runFeatureFile_closure1.doCall(CucumberBuiltinKeywords.groovy:82)
	at com.kms.katalon.core.cucumber.keyword.CucumberBuiltinKeywords$_runFeatureFile_closure1.doCall(CucumberBuiltinKeywords.groovy)
	at com.kms.katalon.core.keyword.internal.KeywordMain.runKeyword(KeywordMain.groovy:66)
	at com.kms.katalon.core.keyword.internal.KeywordMain$runKeyword.call(Unknown Source)
	at com.kms.katalon.core.cucumber.keyword.CucumberBuiltinKeywords.runFeatureFile(CucumberBuiltinKeywords.groovy:46)
	at com.kms.katalon.core.cucumber.keyword.CucumberBuiltinKeywords$runFeatureFile$0.callStatic(Unknown Source)
	at com.kms.katalon.core.cucumber.keyword.CucumberBuiltinKeywords.runFeatureFile(CucumberBuiltinKeywords.groovy:101)
	at com.kms.katalon.core.cucumber.keyword.CucumberBuiltinKeywords$runFeatureFile.call(Unknown Source)
	at 003-Add-Idea.run(003-Add-Idea:17)
	at com.kms.katalon.core.main.ScriptEngine.run(ScriptEngine.java:194)
	at com.kms.katalon.core.main.ScriptEngine.runScriptAsRawText(ScriptEngine.java:119)
	at com.kms.katalon.core.main.TestCaseExecutor.runScript(TestCaseExecutor.java:331)
	at com.kms.katalon.core.main.TestCaseExecutor.doExecute(TestCaseExecutor.java:322)
	at com.kms.katalon.core.main.TestCaseExecutor.processExecutionPhase(TestCaseExecutor.java:301)
	at com.kms.katalon.core.main.TestCaseExecutor.accessMainPhase(TestCaseExecutor.java:293)
	at com.kms.katalon.core.main.TestCaseExecutor.execute(TestCaseExecutor.java:227)
	at com.kms.katalon.core.main.TestSuiteExecutor.accessTestCaseMainPhase(TestSuiteExecutor.java:129)
	at com.kms.katalon.core.main.TestSuiteExecutor.accessTestSuiteMainPhase(TestSuiteExecutor.java:112)
	at com.kms.katalon.core.main.TestSuiteExecutor.execute(TestSuiteExecutor.java:81)
	at com.kms.katalon.core.main.TestCaseMain.startTestSuite(TestCaseMain.java:157)
	at com.kms.katalon.core.main.TestCaseMain$startTestSuite$0.call(Unknown Source)
	at TempTestSuite1556018474461.run(TempTestSuite1556018474461.groovy:35)]]></system-out>
         <system-err><![CDATA[2019-04-23 14:21:40 - [TEST_CASE][FAILED] - Test Cases/Main-Test-Cases/003-Add-Idea: Test Cases/Main-Test-Cases/003-Add-Idea FAILED.
Reason:
com.kms.katalon.core.exception.StepFailedException: Feature file 'Include/features/Governance-Module/Add-Idea/003-Add-Idea.feature' was failed
	at com.kms.katalon.core.keyword.internal.KeywordMain.stepFailed(KeywordMain.groovy:48)
	at com.kms.katalon.core.keyword.internal.KeywordMain.stepFailed(KeywordMain.groovy)
	at com.kms.katalon.core.keyword.internal.KeywordMain.stepFailed(KeywordMain.groovy:21)
	at com.kms.katalon.core.keyword.internal.KeywordMain$stepFailed$0.call(Unknown Source)
	at com.kms.katalon.core.cucumber.keyword.CucumberBuiltinKeywords$_runFeatureFile_closure1.doCall(CucumberBuiltinKeywords.groovy:82)
	at com.kms.katalon.core.cucumber.keyword.CucumberBuiltinKeywords$_runFeatureFile_closure1.doCall(CucumberBuiltinKeywords.groovy)
	at com.kms.katalon.core.keyword.internal.KeywordMain.runKeyword(KeywordMain.groovy:66)
	at com.kms.katalon.core.keyword.internal.KeywordMain$runKeyword.call(Unknown Source)
	at com.kms.katalon.core.cucumber.keyword.CucumberBuiltinKeywords.runFeatureFile(CucumberBuiltinKeywords.groovy:46)
	at com.kms.katalon.core.cucumber.keyword.CucumberBuiltinKeywords$runFeatureFile$0.callStatic(Unknown Source)
	at com.kms.katalon.core.cucumber.keyword.CucumberBuiltinKeywords.runFeatureFile(CucumberBuiltinKeywords.groovy:101)
	at com.kms.katalon.core.cucumber.keyword.CucumberBuiltinKeywords$runFeatureFile.call(Unknown Source)
	at 003-Add-Idea.run(003-Add-Idea:17)
	at com.kms.katalon.core.main.ScriptEngine.run(ScriptEngine.java:194)
	at com.kms.katalon.core.main.ScriptEngine.runScriptAsRawText(ScriptEngine.java:119)
	at com.kms.katalon.core.main.TestCaseExecutor.runScript(TestCaseExecutor.java:331)
	at com.kms.katalon.core.main.TestCaseExecutor.doExecute(TestCaseExecutor.java:322)
	at com.kms.katalon.core.main.TestCaseExecutor.processExecutionPhase(TestCaseExecutor.java:301)
	at com.kms.katalon.core.main.TestCaseExecutor.accessMainPhase(TestCaseExecutor.java:293)
	at com.kms.katalon.core.main.TestCaseExecutor.execute(TestCaseExecutor.java:227)
	at com.kms.katalon.core.main.TestSuiteExecutor.accessTestCaseMainPhase(TestSuiteExecutor.java:129)
	at com.kms.katalon.core.main.TestSuiteExecutor.accessTestSuiteMainPhase(TestSuiteExecutor.java:112)
	at com.kms.katalon.core.main.TestSuiteExecutor.execute(TestSuiteExecutor.java:81)
	at com.kms.katalon.core.main.TestCaseMain.startTestSuite(TestCaseMain.java:157)
	at com.kms.katalon.core.main.TestCaseMain$startTestSuite$0.call(Unknown Source)
	at TempTestSuite1556018474461.run(TempTestSuite1556018474461.groovy:35)]]></system-err>
      </testcase>
      <testcase name="Test Cases/Main-Test-Cases/004-Cancel-Idea-Creation" classname="Test Cases/Main-Test-Cases/004-Cancel-Idea-Creation" status="PASSED">
         <system-out><![CDATA[2019-04-23 14:21:57 - [TEST_CASE][PASSED] - Test Cases/Main-Test-Cases/004-Cancel-Idea-Creation: Test Cases/Main-Test-Cases/004-Cancel-Idea-Creation

2019-04-23 14:21:58 - [TEST_STEP][PASSED] - runFeatureFile("Include/features/Governance-Module/Add-Idea/004-Cancel-Idea-Creation.feature"): Feature file: 'Include/features/Governance-Module/Add-Idea/004-Cancel-Idea-Creation.feature' was passed

2019-04-23 14:21:58 - [MESSAGE][INFO] - Starting run keyword runFeatureFile: 'Include/features/Governance-Module/Add-Idea/004-Cancel-Idea-Creation.feature' and extract report to folder: 'C:\Users\HP\git\PMO-Web-Application\Reports\First-Test-Suite\20190423_142114/cucumber_report/1556018518010'...

2019-04-23 14:21:58 - [TEST_CASE][PASSED] - Start Test Case : SCENARIO Cancel idea creation process: SCENARIO Cancel idea creation process

2019-04-23 14:21:58 - [TEST_STEP][PASSED] - I want to open browser: I want to open browser

2019-04-23 14:21:58 - [MESSAGE][WARNING] - A browser is already opened. Closing browser and opening a new one

2019-04-23 14:21:58 - [MESSAGE][INFO] - Starting 'Chrome' driver

2019-04-23 14:22:00 - [MESSAGE][PASSED] - Browser is opened with url: ''

2019-04-23 14:22:00 - [MESSAGE][PASSED] - Delete all cookies successfully

2019-04-23 14:22:00 - [MESSAGE][PASSED] - I want to open browser

2019-04-23 14:22:00 - [TEST_STEP][PASSED] - I want to maximize window: I want to maximize window

2019-04-23 14:22:01 - [MESSAGE][PASSED] - Current window maximized

2019-04-23 14:22:01 - [MESSAGE][PASSED] - I want to maximize window

2019-04-23 14:22:01 - [TEST_STEP][PASSED] - I want to go to OOB: I want to go to OOB

2019-04-23 14:22:03 - [MESSAGE][PASSED] - Navigate to 'https://pmoadmin:P@ssw0rd@dev5.cloudapp.net/OOB2/' successfully

2019-04-23 14:22:03 - [MESSAGE][PASSED] - I want to go to OOB

2019-04-23 14:22:03 - [TEST_STEP][PASSED] - I want to verify I'm in OOB main page: I want to verify I'm in OOB main page

2019-04-23 14:22:03 - [MESSAGE][WARNING] - Timeout '0' is invalid. Using default page load timeout: '30'

2019-04-23 14:22:15 - [MESSAGE][PASSED] - Object 'Object Repository/OOB-Objects/OOB-Side-Bar' is present

2019-04-23 14:22:15 - [MESSAGE][PASSED] - I want to verify I'm in OOB main page

2019-04-23 14:22:15 - [TEST_STEP][PASSED] - I want to go to ideas list page: I want to go to ideas list page

2019-04-23 14:22:24 - [MESSAGE][PASSED] - Object: 'Object Repository/OOB-Objects/IdeasList' is clicked on

2019-04-23 14:22:24 - [MESSAGE][PASSED] - I want to go to ideas list page

2019-04-23 14:22:24 - [TEST_STEP][PASSED] - I want to click on Add New button: I want to click on Add New button

2019-04-23 14:22:25 - [MESSAGE][PASSED] - Object: 'Object Repository/PMO-Objects/Page_Project Request/Add-New-Project-Request' is clicked on

2019-04-23 14:22:25 - [MESSAGE][PASSED] - I want to click on Add New button

2019-04-23 14:22:25 - [TEST_STEP][PASSED] - I want to fill idea name field: I want to fill idea name field

2019-04-23 14:22:25 - [MESSAGE][PASSED] - Text 'Automation8184' is set on object 'Object Repository/PMO-Objects/Page_Add New Project Request/Idea-Name-Field'

2019-04-23 14:22:25 - [MESSAGE][PASSED] - I want to fill idea name field

2019-04-23 14:22:25 - [TEST_STEP][PASSED] - I want to select expected start date: I want to select expected start date

2019-04-23 14:22:25 - [MESSAGE][PASSED] - Object: 'Object Repository/PMO-Objects/Page_Add New Project Request/GREGORIAN-Start-date-Check-Box' is clicked on

2019-04-23 14:22:25 - [MESSAGE][PASSED] - Object: 'Object Repository/PMO-Objects/Page_Add New Project Request/Excepted-Start-Date' is clicked on

2019-04-23 14:22:25 - [MESSAGE][PASSED] - Object: 'Object Repository/PMO-Objects/Page_Add New Project Request/Day26' is hovered

2019-04-23 14:22:25 - [MESSAGE][PASSED] - Object: 'Object Repository/PMO-Objects/Page_Add New Project Request/Day26' is clicked on

2019-04-23 14:22:25 - [MESSAGE][PASSED] - I want to select expected start date

2019-04-23 14:22:25 - [TEST_STEP][PASSED] - I want to select expected end date: I want to select expected end date

2019-04-23 14:22:25 - [MESSAGE][PASSED] - Object 'Object Repository/PMO-Objects/Page_Add New Project Request/GREGORIAN-End-Date-Check-Box' is visible

2019-04-23 14:22:25 - [MESSAGE][PASSED] - Object: 'Object Repository/PMO-Objects/Page_Add New Project Request/GREGORIAN-End-Date-Check-Box' is clicked on

2019-04-23 14:22:25 - [MESSAGE][PASSED] - Object: 'Object Repository/PMO-Objects/Page_Add New Project Request/Excpected-End-Date' is hovered

2019-04-23 14:22:25 - [MESSAGE][PASSED] - Object: 'Object Repository/PMO-Objects/Page_Add New Project Request/Excpected-End-Date' is clicked on

2019-04-23 14:22:25 - [MESSAGE][PASSED] - All options with index in [4] are selected on object 'Object Repository/PMO-Objects/Page_Add New Project Request/EndDateMonthDropdown'

2019-04-23 14:22:25 - [MESSAGE][PASSED] - Object: 'Object Repository/PMO-Objects/Page_Add New Project Request/EndDateDay15' is hovered

2019-04-23 14:22:25 - [MESSAGE][PASSED] - Object: 'Object Repository/PMO-Objects/Page_Add New Project Request/EndDateDay15' is clicked on

2019-04-23 14:22:25 - [MESSAGE][PASSED] - I want to select expected end date

2019-04-23 14:22:25 - [TEST_STEP][PASSED] - I want to fill idea objective field: I want to fill idea objective field

2019-04-23 14:22:26 - [MESSAGE][PASSED] - Text 'Automation' is set on object 'Object Repository/PMO-Objects/Page_Add New Project Request/Idea-Objective-Field'

2019-04-23 14:22:26 - [MESSAGE][PASSED] - I want to fill idea objective field

2019-04-23 14:22:26 - [TEST_STEP][PASSED] - I want to fill expected budget field: I want to fill expected budget field

2019-04-23 14:22:26 - [MESSAGE][PASSED] - Text '10000' is set on object 'Object Repository/PMO-Objects/Page_Add New Project Request/Expected-Budget-Field'

2019-04-23 14:22:26 - [MESSAGE][PASSED] - I want to fill expected budget field

2019-04-23 14:22:26 - [TEST_STEP][PASSED] - I want to fill Notes field: I want to fill Notes field

2019-04-23 14:22:26 - [MESSAGE][PASSED] - Text 'test note' is set on object 'Object Repository/PMO-Objects/Page_Add New Project Request/Notes-Field'

2019-04-23 14:22:26 - [MESSAGE][PASSED] - I want to fill Notes field

2019-04-23 14:22:26 - [TEST_STEP][PASSED] - I want to click Cancel idea button: I want to click Cancel idea button

2019-04-23 14:22:26 - [MESSAGE][PASSED] - Object: 'Object Repository/PMO-Objects/Page_Add New Project Request/CancelIdeaButton' is hovered

2019-04-23 14:22:27 - [MESSAGE][PASSED] - Object: 'Object Repository/PMO-Objects/Page_Add New Project Request/CancelIdeaButton' is clicked on

2019-04-23 14:22:27 - [MESSAGE][PASSED] - I want to click Cancel idea button

2019-04-23 14:22:27 - [TEST_STEP][PASSED] - I want to check idea not created: I want to check idea not created

2019-04-23 14:22:28 - [MESSAGE][PASSED] - Text 'Automation8184' is set on object 'Object Repository/PMO-Objects/Page_Project Request/SearchField'

2019-04-23 14:22:29 - [MESSAGE][PASSED] - Actual text and expected text of test object 'Object Repository/PMO-Objects/Page_Project Request/SearchResult' are matched.

2019-04-23 14:22:29 - [MESSAGE][PASSED] - I want to check idea not created

2019-04-23 14:22:29 - [TEST_STEP][PASSED] - I want to close browser: I want to close browser

2019-04-23 14:22:29 - [MESSAGE][PASSED] - Browser is closed

2019-04-23 14:22:29 - [MESSAGE][PASSED] - I want to close browser

2019-04-23 14:22:29 - [MESSAGE][PASSED] - Feature file: 'Include/features/Governance-Module/Add-Idea/004-Cancel-Idea-Creation.feature' was passed]]></system-out>
         <system-err><![CDATA[]]></system-err>
      </testcase>
      <testcase name="Test Cases/Main-Test-Cases/005-Save-Idea" classname="Test Cases/Main-Test-Cases/005-Save-Idea" status="PASSED">
         <system-out><![CDATA[2019-04-23 14:22:29 - [TEST_CASE][PASSED] - Test Cases/Main-Test-Cases/005-Save-Idea: Test Cases/Main-Test-Cases/005-Save-Idea

2019-04-23 14:22:30 - [TEST_STEP][PASSED] - runFeatureFile("Include/features/Governance-Module/Add-Idea/005-Save-Idea.feature"): Feature file: 'Include/features/Governance-Module/Add-Idea/005-Save-Idea.feature' was passed

2019-04-23 14:22:30 - [MESSAGE][INFO] - Starting run keyword runFeatureFile: 'Include/features/Governance-Module/Add-Idea/005-Save-Idea.feature' and extract report to folder: 'C:\Users\HP\git\PMO-Web-Application\Reports\First-Test-Suite\20190423_142114/cucumber_report/1556018550091'...

2019-04-23 14:22:30 - [TEST_CASE][PASSED] - Start Test Case : SCENARIO Save Idea: SCENARIO Save Idea

2019-04-23 14:22:30 - [TEST_STEP][PASSED] - I want to open browser: I want to open browser

2019-04-23 14:22:30 - [MESSAGE][INFO] - Starting 'Chrome' driver

2019-04-23 14:22:32 - [MESSAGE][PASSED] - Browser is opened with url: ''

2019-04-23 14:22:32 - [MESSAGE][PASSED] - Delete all cookies successfully

2019-04-23 14:22:32 - [MESSAGE][PASSED] - I want to open browser

2019-04-23 14:22:32 - [TEST_STEP][PASSED] - I want to maximize window: I want to maximize window

2019-04-23 14:22:33 - [MESSAGE][PASSED] - Current window maximized

2019-04-23 14:22:33 - [MESSAGE][PASSED] - I want to maximize window

2019-04-23 14:22:33 - [TEST_STEP][PASSED] - I want to go to OOB: I want to go to OOB

2019-04-23 14:22:41 - [MESSAGE][PASSED] - Navigate to 'https://pmoadmin:P@ssw0rd@dev5.cloudapp.net/OOB2/' successfully

2019-04-23 14:22:41 - [MESSAGE][PASSED] - I want to go to OOB

2019-04-23 14:22:41 - [TEST_STEP][PASSED] - I want to verify I'm in OOB main page: I want to verify I'm in OOB main page

2019-04-23 14:22:41 - [MESSAGE][WARNING] - Timeout '0' is invalid. Using default page load timeout: '30'

2019-04-23 14:22:41 - [MESSAGE][PASSED] - Object 'Object Repository/OOB-Objects/OOB-Side-Bar' is present

2019-04-23 14:22:41 - [MESSAGE][PASSED] - I want to verify I'm in OOB main page

2019-04-23 14:22:41 - [TEST_STEP][PASSED] - I want to go to ideas list page: I want to go to ideas list page

2019-04-23 14:22:48 - [MESSAGE][PASSED] - Object: 'Object Repository/OOB-Objects/IdeasList' is clicked on

2019-04-23 14:22:48 - [MESSAGE][PASSED] - I want to go to ideas list page

2019-04-23 14:22:48 - [TEST_STEP][PASSED] - I want to click on Add New button: I want to click on Add New button

2019-04-23 14:22:49 - [MESSAGE][PASSED] - Object: 'Object Repository/PMO-Objects/Page_Project Request/Add-New-Project-Request' is clicked on

2019-04-23 14:22:49 - [MESSAGE][PASSED] - I want to click on Add New button

2019-04-23 14:22:49 - [TEST_STEP][PASSED] - I want to fill idea name field: I want to fill idea name field

2019-04-23 14:22:49 - [MESSAGE][PASSED] - Text 'Automation3025' is set on object 'Object Repository/PMO-Objects/Page_Add New Project Request/Idea-Name-Field'

2019-04-23 14:22:49 - [MESSAGE][PASSED] - I want to fill idea name field

2019-04-23 14:22:49 - [TEST_STEP][PASSED] - I want to select expected start date: I want to select expected start date

[...]

2019-04-23 14:27:04 - [MESSAGE][PASSED] - Object 'Object Repository/OOB-Objects/ApprovedIdeasListObjects/ActionsColumnInApprovedIdeasList' is present

2019-04-23 14:27:04 - [MESSAGE][WARNING] - Timeout '0' is invalid. Using default page load timeout: '30'

2019-04-23 14:27:04 - [MESSAGE][PASSED] - Object 'Object Repository/OOB-Objects/ApprovedIdeasListObjects/SearchSectionInApprovedIdeasList' is present

2019-04-23 14:27:04 - [MESSAGE][WARNING] - Timeout '0' is invalid. Using default page load timeout: '30'

2019-04-23 14:27:04 - [MESSAGE][PASSED] - Object 'Object Repository/OOB-Objects/ApprovedIdeasListObjects/ExcuteButton' is present

2019-04-23 14:27:04 - [MESSAGE][PASSED] - Object 'Object Repository/OOB-Objects/ApprovedIdeasListObjects/IdeaNameLinkInApprovedIdeasList' is clickable

2019-04-23 14:27:04 - [MESSAGE][PASSED] - I want to verify Approved Ideas List page

2019-04-23 14:27:04 - [TEST_STEP][PASSED] - I want to search for approved idea by name: I want to search for approved idea by name

2019-04-23 14:27:04 - [MESSAGE][PASSED] - Text 'approvetest' is set on object 'Object Repository/OOB-Objects/ApprovedIdeasListObjects/ApprovedIdeasSearchField'

2019-04-23 14:27:04 - [MESSAGE][PASSED] - Actual text and expected text of test object 'Object Repository/OOB-Objects/ApprovedIdeasListObjects/IdeaNameLinkInApprovedIdeasList' are matched.

2019-04-23 14:27:04 - [MESSAGE][PASSED] - I want to search for approved idea by name

2019-04-23 14:27:04 - [TEST_STEP][PASSED] - I want to close browser: I want to close browser

2019-04-23 14:27:05 - [MESSAGE][PASSED] - Browser is closed

2019-04-23 14:27:05 - [MESSAGE][PASSED] - I want to close browser

2019-04-23 14:27:05 - [MESSAGE][PASSED] - Feature file: 'Include/features/Governance-Module/Add-Idea/024-Search-for-Approved-Idea.feature' was passed]]></system-out>
         <system-err><![CDATA[]]></system-err>
      </testcase>
      <testcase name="Test Cases/Main-Test-Cases/025-Verify-Approved-Idea-Details-Page" classname="Test Cases/Main-Test-Cases/025-Verify-Approved-Idea-Details-Page" status="PASSED">
         <system-out><![CDATA[2019-04-23 14:27:05 - [TEST_CASE][PASSED] - Test Cases/Main-Test-Cases/025-Verify-Approved-Idea-Details-Page: Test Cases/Main-Test-Cases/025-Verify-Approved-Idea-Details-Page

2019-04-23 14:27:05 - [TEST_STEP][PASSED] - runFeatureFile("Include/features/Governance-Module/Add-Idea/025-Verify-Approved-Idea-Details-Page.feature"): Feature file: 'Include/features/Governance-Module/Add-Idea/025-Verify-Approved-Idea-Details-Page.feature' was passed

2019-04-23 14:27:05 - [MESSAGE][INFO] - Starting run keyword runFeatureFile: 'Include/features/Governance-Module/Add-Idea/025-Verify-Approved-Idea-Details-Page.feature' and extract report to folder: 'C:\Users\HP\git\PMO-Web-Application\Reports\First-Test-Suite\20190423_142114/cucumber_report/1556018825449'...

2019-04-23 14:27:05 - [TEST_CASE][PASSED] - Start Test Case : SCENARIO Verify approved idea details page: SCENARIO Verify approved idea details page

2019-04-23 14:27:05 - [TEST_STEP][PASSED] - I want to open browser: I want to open browser

2019-04-23 14:27:05 - [MESSAGE][INFO] - Starting 'Chrome' driver

2019-04-23 14:27:07 - [MESSAGE][PASSED] - Browser is opened with url: ''

2019-04-23 14:27:07 - [MESSAGE][PASSED] - Delete all cookies successfully

2019-04-23 14:27:07 - [MESSAGE][PASSED] - I want to open browser

2019-04-23 14:27:07 - [TEST_STEP][PASSED] - I want to maximize window: I want to maximize window

2019-04-23 14:27:08 - [MESSAGE][PASSED] - Current window maximized

2019-04-23 14:27:08 - [MESSAGE][PASSED] - I want to maximize window

2019-04-23 14:27:08 - [TEST_STEP][PASSED] - I want to go to OOB: I want to go to OOB

2019-04-23 14:27:15 - [MESSAGE][PASSED] - Navigate to 'https://pmoadmin:P@ssw0rd@dev5.cloudapp.net/OOB2/' successfully

2019-04-23 14:27:15 - [MESSAGE][PASSED] - I want to go to OOB

2019-04-23 14:27:15 - [TEST_STEP][PASSED] - I want to verify I'm in OOB main page: I want to verify I'm in OOB main page

2019-04-23 14:27:15 - [MESSAGE][WARNING] - Timeout '0' is invalid. Using default page load timeout: '30'

2019-04-23 14:27:15 - [MESSAGE][PASSED] - Object 'Object Repository/OOB-Objects/OOB-Side-Bar' is present

2019-04-23 14:27:15 - [MESSAGE][PASSED] - I want to verify I'm in OOB main page

2019-04-23 14:27:15 - [TEST_STEP][PASSED] - I want to go to approved ideas list page: I want to go to approved ideas list page

2019-04-23 14:27:18 - [MESSAGE][PASSED] - Object: 'Object Repository/OOB-Objects/ApprovedIdeasList' is clicked on

2019-04-23 14:27:18 - [MESSAGE][PASSED] - I want to go to approved ideas list page

2019-04-23 14:27:18 - [TEST_STEP][PASSED] - I want to verify Approved Ideas List page: I want to verify Approved Ideas List page

2019-04-23 14:27:18 - [MESSAGE][WARNING] - Timeout '0' is invalid. Using default page load timeout: '30'

2019-04-23 14:27:18 - [MESSAGE][PASSED] - Object 'Object Repository/OOB-Objects/ApprovedIdeasListObjects/ApprovedIdeasListTitle' is present

2019-04-23 14:27:18 - [MESSAGE][WARNING] - Timeout '0' is invalid. Using default page load timeout: '30'

2019-04-23 14:27:18 - [MESSAGE][PASSED] - Object 'Object Repository/OOB-Objects/ApprovedIdeasListObjects/IdeaNameColumnInApprovedIdeasList' is present

2019-04-23 14:27:18 - [MESSAGE][WARNING] - Timeout '0' is invalid. Using default page load timeout: '30'

2019-04-23 14:27:18 - [MESSAGE][PASSED] - Object 'Object Repository/OOB-Objects/ApprovedIdeasListObjects/ExpectedBudgetColumnInApprovedIdeasList' is present

2019-04-23 14:27:18 - [MESSAGE][WARNING] - Timeout '0' is invalid. Using default page load timeout: '30'

2019-04-23 14:27:18 - [MESSAGE][PASSED] - Object 'Object Repository/OOB-Objects/ApprovedIdeasListObjects/StatusColumnInApprovedIdeasList' is present

2019-04-23 14:27:18 - [MESSAGE][WARNING] - Timeout '0' is invalid. Using default page load timeout: '30'

2019-04-23 14:27:18 - [MESSAGE][PASSED] - Object 'Object Repository/OOB-Objects/ApprovedIdeasListObjects/PriorityColumnInApprovedIdeasList' is present

2019-04-23 14:27:18 - [MESSAGE][WARNING] - Timeout '0' is invalid. Using default page load timeout: '30'

2019-04-23 14:27:18 - [MESSAGE][PASSED] - Object 'Object Repository/OOB-Objects/ApprovedIdeasListObjects/ActionsColumnInApprovedIdeasList' is present

2019-04-23 14:27:18 - [MESSAGE][WARNING] - Timeout '0' is invalid. Using default page load timeout: '30'

2019-04-23 14:27:18 - [MESSAGE][PASSED] - Object 'Object Repository/OOB-Objects/ApprovedIdeasListObjects/SearchSectionInApprovedIdeasList' is present

2019-04-23 14:27:18 - [MESSAGE][WARNING] - Timeout '0' is invalid. Using default page load timeout: '30'

2019-04-23 14:27:18 - [MESSAGE][PASSED] - Object 'Object Repository/OOB-Objects/ApprovedIdeasListObjects/ExcuteButton' is present

2019-04-23 14:27:18 - [MESSAGE][PASSED] - Object 'Object Repository/OOB-Objects/ApprovedIdeasListObjects/IdeaNameLinkInApprovedIdeasList' is clickable

2019-04-23 14:27:18 - [MESSAGE][PASSED] - I want to verify Approved Ideas List page

2019-04-23 14:27:18 - [TEST_STEP][PASSED] - I want to search for approved idea by name: I want to search for approved idea by name

2019-04-23 14:27:18 - [MESSAGE][PASSED] - Text 'approvetest' is set on object 'Object Repository/OOB-Objects/ApprovedIdeasListObjects/ApprovedIdeasSearchField'

2019-04-23 14:27:18 - [MESSAGE][PASSED] - Actual text and expected text of test object 'Object Repository/OOB-Objects/ApprovedIdeasListObjects/IdeaNameLinkInApprovedIdeasList' are matched.

2019-04-23 14:27:18 - [MESSAGE][PASSED] - I want to search for approved idea by name

2019-04-23 14:27:18 - [TEST_STEP][PASSED] - I want to search for approved idea by name: I want to search for approved idea by name

2019-04-23 14:27:18 - [MESSAGE][PASSED] - Text 'approvetest' is set on object 'Object Repository/OOB-Objects/ApprovedIdeasListObjects/ApprovedIdeasSearchField'

2019-04-23 14:27:18 - [MESSAGE][PASSED] - Actual text and expected text of test object 'Object Repository/OOB-Objects/ApprovedIdeasListObjects/IdeaNameLinkInApprovedIdeasList' are matched.

2019-04-23 14:27:18 - [MESSAGE][PASSED] - I want to search for approved idea by name

2019-04-23 14:27:18 - [TEST_STEP][PASSED] - I want to verify approved idea details page: I want to verify approved idea details page

2019-04-23 14:27:19 - [MESSAGE][PASSED] - Object: 'Object Repository/OOB-Objects/ApprovedIdeasListObjects/IdeaNameLinkInApprovedIdeasList' is clicked on

2019-04-23 14:27:19 - [MESSAGE][WARNING] - Timeout '0' is invalid. Using default page load timeout: '30'

2019-04-23 14:27:19 - [MESSAGE][PASSED] - Object 'Object Repository/OOB-Objects/ApprovedIdeasListObjects/ApprovedIdeaInformation' is present

2019-04-23 14:27:19 - [MESSAGE][PASSED] - I want to verify approved idea details page

2019-04-23 14:27:19 - [TEST_STEP][PASSED] - I want to close browser: I want to close browser

2019-04-23 14:27:20 - [MESSAGE][PASSED] - Browser is closed

2019-04-23 14:27:20 - [MESSAGE][PASSED] - I want to close browser

2019-04-23 14:27:20 - [MESSAGE][PASSED] - Feature file: 'Include/features/Governance-Module/Add-Idea/025-Verify-Approved-Idea-Details-Page.feature' was passed]]></system-out>
         <system-err><![CDATA[]]></system-err>
      </testcase>
      <testcase name="Test Cases/Main-Test-Cases/026-Verify-Execute-Idea-form" classname="Test Cases/Main-Test-Cases/026-Verify-Execute-Idea-form" status="PASSED">
         <system-out><![CDATA[2019-04-23 14:27:20 - [TEST_CASE][PASSED] - Test Cases/Main-Test-Cases/026-Verify-Execute-Idea-form: Test Cases/Main-Test-Cases/026-Verify-Execute-Idea-form

2019-04-23 14:27:20 - [TEST_STEP][PASSED] - runFeatureFile("Include/features/Governance-Module/Add-Idea/026-Verify-Execute-Idea-form.feature"): Feature file: 'Include/features/Governance-Module/Add-Idea/026-Verify-Execute-Idea-form.feature' was passed

2019-04-23 14:27:20 - [MESSAGE][INFO] - Starting run keyword runFeatureFile: 'Include/features/Governance-Module/Add-Idea/026-Verify-Execute-Idea-form.feature' and extract report to folder: 'C:\Users\HP\git\PMO-Web-Application\Reports\First-Test-Suite\20190423_142114/cucumber_report/1556018840690'...

2019-04-23 14:27:20 - [TEST_CASE][PASSED] - Start Test Case : SCENARIO Verify execute idea form: SCENARIO Verify execute idea form

2019-04-23 14:27:20 - [TEST_STEP][PASSED] - I want to open browser: I want to open browser

2019-04-23 14:27:20 - [MESSAGE][INFO] - Starting 'Chrome' driver

2019-04-23 14:27:22 - [MESSAGE][PASSED] - Browser is opened with url: ''

2019-04-23 14:27:22 - [MESSAGE][PASSED] - Delete all cookies successfully

2019-04-23 14:27:22 - [MESSAGE][PASSED] - I want to open browser

2019-04-23 14:27:22 - [TEST_STEP][PASSED] - I want to maximize window: I want to maximize window

2019-04-23 14:27:24 - [MESSAGE][PASSED] - Current window maximized

2019-04-23 14:27:24 - [MESSAGE][PASSED] - I want to maximize window

2019-04-23 14:27:24 - [TEST_STEP][PASSED] - I want to go to OOB: I want to go to OOB

2019-04-23 14:27:30 - [MESSAGE][PASSED] - Navigate to 'https://pmoadmin:P@ssw0rd@dev5.cloudapp.net/OOB2/' successfully

2019-04-23 14:27:30 - [MESSAGE][PASSED] - I want to go to OOB

2019-04-23 14:27:30 - [TEST_STEP][PASSED] - I want to verify I'm in OOB main page: I want to verify I'm in OOB main page

2019-04-23 14:27:30 - [MESSAGE][WARNING] - Timeout '0' is invalid. Using default page load timeout: '30'

2019-04-23 14:27:30 - [MESSAGE][PASSED] - Object 'Object Repository/OOB-Objects/OOB-Side-Bar' is present

2019-04-23 14:27:30 - [MESSAGE][PASSED] - I want to verify I'm in OOB main page

2019-04-23 14:27:30 - [TEST_STEP][PASSED] - I want to go to approved ideas list page: I want to go to approved ideas list page

2019-04-23 14:27:33 - [MESSAGE][PASSED] - Object: 'Object Repository/OOB-Objects/ApprovedIdeasList' is clicked on

2019-04-23 14:27:33 - [MESSAGE][PASSED] - I want to go to approved ideas list page

2019-04-23 14:27:33 - [TEST_STEP][PASSED] - I want to click Excute button: I want to click Excute button

2019-04-23 14:27:36 - [MESSAGE][PASSED] - Object: 'Object Repository/OOB-Objects/ApprovedIdeasListObjects/ExcuteButton' is clicked on

2019-04-23 14:27:36 - [MESSAGE][PASSED] - I want to click Excute button

2019-04-23 14:27:36 - [TEST_STEP][PASSED] - I want to verify im in add new project page: I want to verify im in add new project page

2019-04-23 14:27:36 - [MESSAGE][WARNING] - Timeout '0' is invalid. Using default page load timeout: '30'

2019-04-23 14:27:36 - [MESSAGE][PASSED] - Object 'Object Repository/OOB-Objects/ApprovedIdeasListObjects/AddNewProjectLabel' is present

2019-04-23 14:27:36 - [MESSAGE][PASSED] - I want to verify im in add new project page

2019-04-23 14:27:36 - [TEST_STEP][PASSED] - I want to check already filled fields: I want to check already filled fields

2019-04-23 14:27:36 - [MESSAGE][PASSED] - Text of object 'Object Repository/OOB-Objects/AddNewProjectObjects/ProjectNameField' is: ''

2019-04-23 14:27:36 - [MESSAGE][PASSED] - Actual object '' and expected object 'null' are not equal

2019-04-23 14:27:36 - [MESSAGE][PASSED] - Text of object 'Object Repository/OOB-Objects/AddNewProjectObjects/PlannedStartDate' is: ''

2019-04-23 14:27:36 - [MESSAGE][PASSED] - Actual object '' and expected object 'null' are not equal

2019-04-23 14:27:36 - [MESSAGE][PASSED] - Text of object 'Object Repository/OOB-Objects/AddNewProjectObjects/PlannedEndDate' is: ''

2019-04-23 14:27:36 - [MESSAGE][PASSED] - Actual object '' and expected object 'null' are not equal

2019-04-23 14:27:36 - [MESSAGE][PASSED] - Text of object 'Object Repository/OOB-Objects/AddNewProjectObjects/Duration' is: ''

2019-04-23 14:27:36 - [MESSAGE][PASSED] - Actual object '' and expected object 'null' are not equal

2019-04-23 14:27:36 - [MESSAGE][PASSED] - I want to check already filled fields

2019-04-23 14:27:36 - [TEST_STEP][PASSED] - I want to close browser: I want to close browser

2019-04-23 14:27:36 - [MESSAGE][PASSED] - Browser is closed

2019-04-23 14:27:36 - [MESSAGE][PASSED] - I want to close browser

2019-04-23 14:27:36 - [MESSAGE][PASSED] - Feature file: 'Include/features/Governance-Module/Add-Idea/026-Verify-Execute-Idea-form.feature' was passed]]></system-out>
         <system-err><![CDATA[]]></system-err>
      </testcase>
      <system-out><![CDATA[2019-04-23 14:21:15 - [TEST_SUITE][FAILED] - First-Test-Suite: Test Cases/Main-Test-Cases/003-Add-Idea FAILED.
Reason:
com.kms.katalon.core.exception.StepFailedException: Feature file 'Include/features/Governance-Module/Add-Idea/003-Add-Idea.feature' was failed
	at com.kms.katalon.core.keyword.internal.KeywordMain.stepFailed(KeywordMain.groovy:48)
	at com.kms.katalon.core.keyword.internal.KeywordMain.stepFailed(KeywordMain.groovy)
	at com.kms.katalon.core.keyword.internal.KeywordMain.stepFailed(KeywordMain.groovy:21)
	at com.kms.katalon.core.keyword.internal.KeywordMain$stepFailed$0.call(Unknown Source)
	at com.kms.katalon.core.cucumber.keyword.CucumberBuiltinKeywords$_runFeatureFile_closure1.doCall(CucumberBuiltinKeywords.groovy:82)
	at com.kms.katalon.core.cucumber.keyword.CucumberBuiltinKeywords$_runFeatureFile_closure1.doCall(CucumberBuiltinKeywords.groovy)
	at com.kms.katalon.core.keyword.internal.KeywordMain.runKeyword(KeywordMain.groovy:66)
	at com.kms.katalon.core.keyword.internal.KeywordMain$runKeyword.call(Unknown Source)
	at com.kms.katalon.core.cucumber.keyword.CucumberBuiltinKeywords.runFeatureFile(CucumberBuiltinKeywords.groovy:46)
	at com.kms.katalon.core.cucumber.keyword.CucumberBuiltinKeywords$runFeatureFile$0.callStatic(Unknown Source)
	at com.kms.katalon.core.cucumber.keyword.CucumberBuiltinKeywords.runFeatureFile(CucumberBuiltinKeywords.groovy:101)
	at com.kms.katalon.core.cucumber.keyword.CucumberBuiltinKeywords$runFeatureFile.call(Unknown Source)
	at 003-Add-Idea.run(003-Add-Idea:17)
	at com.kms.katalon.core.main.ScriptEngine.run(ScriptEngine.java:194)
	at com.kms.katalon.core.main.ScriptEngine.runScriptAsRawText(ScriptEngine.java:119)
	at com.kms.katalon.core.main.TestCaseExecutor.runScript(TestCaseExecutor.java:331)
	at com.kms.katalon.core.main.TestCaseExecutor.doExecute(TestCaseExecutor.java:322)
	at com.kms.katalon.core.main.TestCaseExecutor.processExecutionPhase(TestCaseExecutor.java:301)
	at com.kms.katalon.core.main.TestCaseExecutor.accessMainPhase(TestCaseExecutor.java:293)
	at com.kms.katalon.core.main.TestCaseExecutor.execute(TestCaseExecutor.java:227)
	at com.kms.katalon.core.main.TestSuiteExecutor.accessTestCaseMainPhase(TestSuiteExecutor.java:129)
	at com.kms.katalon.core.main.TestSuiteExecutor.accessTestSuiteMainPhase(TestSuiteExecutor.java:112)
	at com.kms.katalon.core.main.TestSuiteExecutor.execute(TestSuiteExecutor.java:81)
	at com.kms.katalon.core.main.TestCaseMain.startTestSuite(TestCaseMain.java:157)
	at com.kms.katalon.core.main.TestCaseMain$startTestSuite$0.call(Unknown Source)
	at TempTestSuite1556018474461.run(TempTestSuite1556018474461.groovy:35)]]></system-out>
      <system-err><![CDATA[2019-04-23 14:21:15 - [TEST_SUITE][FAILED] - First-Test-Suite: Test Cases/Main-Test-Cases/003-Add-Idea FAILED.
Reason:
com.kms.katalon.core.exception.StepFailedException: Feature file 'Include/features/Governance-Module/Add-Idea/003-Add-Idea.feature' was failed
	at com.kms.katalon.core.keyword.internal.KeywordMain.stepFailed(KeywordMain.groovy:48)
	at com.kms.katalon.core.keyword.internal.KeywordMain.stepFailed(KeywordMain.groovy)
	at com.kms.katalon.core.keyword.internal.KeywordMain.stepFailed(KeywordMain.groovy:21)
	at com.kms.katalon.core.keyword.internal.KeywordMain$stepFailed$0.call(Unknown Source)
	at com.kms.katalon.core.cucumber.keyword.CucumberBuiltinKeywords$_runFeatureFile_closure1.doCall(CucumberBuiltinKeywords.groovy:82)
	at com.kms.katalon.core.cucumber.keyword.CucumberBuiltinKeywords$_runFeatureFile_closure1.doCall(CucumberBuiltinKeywords.groovy)
	at com.kms.katalon.core.keyword.internal.KeywordMain.runKeyword(KeywordMain.groovy:66)
	at com.kms.katalon.core.keyword.internal.KeywordMain$runKeyword.call(Unknown Source)
	at com.kms.katalon.core.cucumber.keyword.CucumberBuiltinKeywords.runFeatureFile(CucumberBuiltinKeywords.groovy:46)
	at com.kms.katalon.core.cucumber.keyword.CucumberBuiltinKeywords$runFeatureFile$0.callStatic(Unknown Source)
	at com.kms.katalon.core.cucumber.keyword.CucumberBuiltinKeywords.runFeatureFile(CucumberBuiltinKeywords.groovy:101)
	at com.kms.katalon.core.cucumber.keyword.CucumberBuiltinKeywords$runFeatureFile.call(Unknown Source)
	at 003-Add-Idea.run(003-Add-Idea:17)
	at com.kms.katalon.core.main.ScriptEngine.run(ScriptEngine.java:194)
	at com.kms.katalon.core.main.ScriptEngine.runScriptAsRawText(ScriptEngine.java:119)
	at com.kms.katalon.core.main.TestCaseExecutor.runScript(TestCaseExecutor.java:331)
	at com.kms.katalon.core.main.TestCaseExecutor.doExecute(TestCaseExecutor.java:322)
	at com.kms.katalon.core.main.TestCaseExecutor.processExecutionPhase(TestCaseExecutor.java:301)
	at com.kms.katalon.core.main.TestCaseExecutor.accessMainPhase(TestCaseExecutor.java:293)
	at com.kms.katalon.core.main.TestCaseExecutor.execute(TestCaseExecutor.java:227)
	at com.kms.katalon.core.main.TestSuiteExecutor.accessTestCaseMainPhase(TestSuiteExecutor.java:129)
	at com.kms.katalon.core.main.TestSuiteExecutor.accessTestSuiteMainPhase(TestSuiteExecutor.java:112)
	at com.kms.katalon.core.main.TestSuiteExecutor.execute(TestSuiteExecutor.java:81)
	at com.kms.katalon.core.main.TestCaseMain.startTestSuite(TestCaseMain.java:157)
	at com.kms.katalon.core.main.TestCaseMain$startTestSuite$0.call(Unknown Source)
	at TempTestSuite1556018474461.run(TempTestSuite1556018474461.groovy:35)]]></system-err>
   </testsuite>
</testsuites>
